# JRE version: OpenJDK Runtime Environment (11.0.12+7) (build 11.0.12+7-b1504.28-7817840)
# Java VM: OpenJDK 64-Bit Server VM (11.0.12+7-b1504.28-7817840, mixed mode, tiered, compressed oops, g1 gc, windows-amd64)
Heap:
 garbage-first heap   total 270336K, used 190864K [0x0000000080000000, 0x0000000100000000)
  region size 1024K, 48 young (49152K), 8 survivors (8192K)
 Metaspace       used 148924K, capacity 151937K, committed 152064K, reserved 1181696K
  class space    used 19024K, capacity 20153K, committed 20224K, reserved 1048576K
GC Heap History (20 events):
Event: 2684.352 GC heap before
{Heap before GC invocations=69 (full 0):
 garbage-first heap   total 225280K, used 191903K [0x0000000080000000, 0x0000000100000000)
  region size 1024K, 22 young (22528K), 3 survivors (3072K)
 Metaspace       used 138467K, capacity 141366K, committed 141568K, reserved 1171456K
  class space    used 17754K, capacity 18834K, committed 18944K, reserved 1048576K
}
Event: 2684.359 GC heap after
{Heap after GC invocations=70 (full 0):
 garbage-first heap   total 225280K, used 174444K [0x0000000080000000, 0x0000000100000000)
  region size 1024K, 2 young (2048K), 2 survivors (2048K)
 Metaspace       used 138467K, capacity 141366K, committed 141568K, reserved 1171456K
  class space    used 17754K, capacity 18834K, committed 18944K, reserved 1048576K
}
Event: 2684.548 GC heap before
{Heap before GC invocations=70 (full 0):
 garbage-first heap   total 225280K, used 192876K [0x0000000080000000, 0x0000000100000000)
  region size 1024K, 20 young (20480K), 2 survivors (2048K)
 Metaspace       used 138652K, capacity 141494K, committed 141824K, reserved 1171456K
  class space    used 17765K, capacity 18834K, committed 18944K, reserved 1048576K
}
Event: 2684.556 GC heap after
{Heap after GC invocations=71 (full 0):
 garbage-first heap   total 225280K, used 176657K [0x0000000080000000, 0x0000000100000000)
  region size 1024K, 3 young (3072K), 3 survivors (3072K)
 Metaspace       used 138652K, capacity 141494K, committed 141824K, reserved 1171456K
  class space    used 17765K, capacity 18834K, committed 18944K, reserved 1048576K
}
Event: 2684.866 GC heap before
{Heap before GC invocations=71 (full 0):
 garbage-first heap   total 225280K, used 180753K [0x0000000080000000, 0x0000000100000000)
  region size 1024K, 20 young (20480K), 3 survivors (3072K)
 Metaspace       used 138867K, capacity 141686K, committed 142080K, reserved 1173504K
  class space    used 17779K, capacity 18834K, committed 18944K, reserved 1048576K
}
Event: 2684.873 GC heap after
{Heap after GC invocations=72 (full 0):
 garbage-first heap   total 225280K, used 163107K [0x0000000080000000, 0x0000000100000000)
  region size 1024K, 1 young (1024K), 1 survivors (1024K)
 Metaspace       used 138867K, capacity 141686K, committed 142080K, reserved 1173504K
  class space    used 17779K, capacity 18834K, committed 18944K, reserved 1048576K
}
Event: 2685.692 GC heap before
{Heap before GC invocations=73 (full 0):
 garbage-first heap   total 225280K, used 186659K [0x0000000080000000, 0x0000000100000000)
  region size 1024K, 24 young (24576K), 1 survivors (1024K)
 Metaspace       used 139411K, capacity 142326K, committed 142592K, reserved 1173504K
  class space    used 17820K, capacity 18898K, committed 18944K, reserved 1048576K
}
Event: 2685.699 GC heap after
{Heap after GC invocations=74 (full 0):
 garbage-first heap   total 225280K, used 163120K [0x0000000080000000, 0x0000000100000000)
  region size 1024K, 1 young (1024K), 1 survivors (1024K)
 Metaspace       used 139411K, capacity 142326K, committed 142592K, reserved 1173504K
  class space    used 17820K, capacity 18898K, committed 18944K, reserved 1048576K
}
Event: 2686.398 GC heap before
{Heap before GC invocations=74 (full 0):
 garbage-first heap   total 225280K, used 172336K [0x0000000080000000, 0x0000000100000000)
  region size 1024K, 11 young (11264K), 1 survivors (1024K)
 Metaspace       used 139799K, capacity 142685K, committed 142848K, reserved 1173504K
  class space    used 17857K, capacity 18932K, committed 18944K, reserved 1048576K
}
Event: 2686.410 GC heap after
{Heap after GC invocations=75 (full 0):
 garbage-first heap   total 225280K, used 143530K [0x0000000080000000, 0x0000000100000000)
  region size 1024K, 1 young (1024K), 1 survivors (1024K)
 Metaspace       used 139799K, capacity 142685K, committed 142848K, reserved 1173504K
  class space    used 17857K, capacity 18932K, committed 18944K, reserved 1048576K
}
Event: 2686.738 GC heap before
{Heap before GC invocations=75 (full 0):
 garbage-first heap   total 225280K, used 152746K [0x0000000080000000, 0x0000000100000000)
  region size 1024K, 11 young (11264K), 1 survivors (1024K)
 Metaspace       used 140336K, capacity 143208K, committed 143488K, reserved 1173504K
  class space    used 17920K, capacity 18998K, committed 19072K, reserved 1048576K
}
Event: 2686.752 GC heap after
{Heap after GC invocations=76 (full 0):
 garbage-first heap   total 225280K, used 141170K [0x0000000080000000, 0x0000000100000000)
  region size 1024K, 1 young (1024K), 1 survivors (1024K)
 Metaspace       used 140336K, capacity 143208K, committed 143488K, reserved 1173504K
  class space    used 17920K, capacity 18998K, committed 19072K, reserved 1048576K
}
Event: 2687.831 GC heap before
{Heap before GC invocations=76 (full 0):
 garbage-first heap   total 225280K, used 173938K [0x0000000080000000, 0x0000000100000000)
  region size 1024K, 34 young (34816K), 1 survivors (1024K)
 Metaspace       used 142049K, capacity 145017K, committed 145280K, reserved 1175552K
  class space    used 18149K, capacity 19236K, committed 19328K, reserved 1048576K
}
Event: 2687.837 GC heap after
{Heap after GC invocations=77 (full 0):
 garbage-first heap   total 225280K, used 141647K [0x0000000080000000, 0x0000000100000000)
  region size 1024K, 2 young (2048K), 2 survivors (2048K)
 Metaspace       used 142049K, capacity 145017K, committed 145280K, reserved 1175552K
  class space    used 18149K, capacity 19236K, committed 19328K, reserved 1048576K
}
Event: 2688.727 GC heap before
{Heap before GC invocations=77 (full 0):
 garbage-first heap   total 225280K, used 177487K [0x0000000080000000, 0x0000000100000000)
  region size 1024K, 37 young (37888K), 2 survivors (2048K)
 Metaspace       used 144431K, capacity 147360K, committed 147584K, reserved 1177600K
  class space    used 18424K, capacity 19525K, committed 19584K, reserved 1048576K
}
Event: 2688.735 GC heap after
{Heap after GC invocations=78 (full 0):
 garbage-first heap   total 225280K, used 143864K [0x0000000080000000, 0x0000000100000000)
  region size 1024K, 4 young (4096K), 4 survivors (4096K)
 Metaspace       used 144431K, capacity 147360K, committed 147584K, reserved 1177600K
  class space    used 18424K, capacity 19525K, committed 19584K, reserved 1048576K
}
Event: 2690.267 GC heap before
{Heap before GC invocations=78 (full 0):
 garbage-first heap   total 225280K, used 179704K [0x0000000080000000, 0x0000000100000000)
  region size 1024K, 40 young (40960K), 4 survivors (4096K)
 Metaspace       used 145390K, capacity 148355K, committed 148480K, reserved 1177600K
  class space    used 18553K, capacity 19682K, committed 19712K, reserved 1048576K
}
Event: 2690.338 GC heap after
{Heap after GC invocations=79 (full 0):
 garbage-first heap   total 270336K, used 146482K [0x0000000080000000, 0x0000000100000000)
  region size 1024K, 5 young (5120K), 5 survivors (5120K)
 Metaspace       used 145390K, capacity 148355K, committed 148480K, reserved 1177600K
  class space    used 18553K, capacity 19682K, committed 19712K, reserved 1048576K
}
Event: 2696.663 GC heap before
{Heap before GC invocations=79 (full 0):
 garbage-first heap   total 270336K, used 202802K [0x0000000080000000, 0x0000000100000000)
  region size 1024K, 61 young (62464K), 5 survivors (5120K)
 Metaspace       used 146451K, capacity 149445K, committed 149632K, reserved 1179648K
  class space    used 18694K, capacity 19810K, committed 19840K, reserved 1048576K
}
Event: 2696.683 GC heap after
{Heap after GC invocations=80 (full 0):
 garbage-first heap   total 270336K, used 151952K [0x0000000080000000, 0x0000000100000000)
  region size 1024K, 8 young (8192K), 8 survivors (8192K)
 Metaspace       used 146451K, capacity 149445K, committed 149632K, reserved 1179648K
  class space    used 18694K, capacity 19810K, committed 19840K, reserved 1048576K
}

