# JRE version: OpenJDK Runtime Environment (11.0.12+7) (build 11.0.12+7-b1504.28-7817840)
# Java VM: OpenJDK 64-Bit Server VM (11.0.12+7-b1504.28-7817840, mixed mode, tiered, compressed oops, g1 gc, windows-amd64)
Heap:
 garbage-first heap   total 495616K, used 212968K [0x0000000080000000, 0x0000000100000000)
  region size 1024K, 13 young (13312K), 5 survivors (5120K)
 Metaspace       used 132920K, capacity 136322K, committed 136524K, reserved 1167360K
  class space    used 17213K, capacity 18517K, committed 18560K, reserved 1048576K
GC Heap History (20 events):
Event: 168.743 GC heap before
{Heap before GC invocations=62 (full 0):
 garbage-first heap   total 189440K, used 159234K [0x0000000080000000, 0x0000000100000000)
  region size 1024K, 21 young (21504K), 4 survivors (4096K)
 Metaspace       used 131345K, capacity 134530K, committed 134732K, reserved 1165312K
  class space    used 17042K, capacity 18296K, committed 18304K, reserved 1048576K
}
Event: 168.768 GC heap after
{Heap after GC invocations=63 (full 0):
 garbage-first heap   total 189440K, used 148318K [0x0000000080000000, 0x0000000100000000)
  region size 1024K, 3 young (3072K), 3 survivors (3072K)
 Metaspace       used 131345K, capacity 134530K, committed 134732K, reserved 1165312K
  class space    used 17042K, capacity 18296K, committed 18304K, reserved 1048576K
}
Event: 169.124 GC heap before
{Heap before GC invocations=63 (full 0):
 garbage-first heap   total 189440K, used 160606K [0x0000000080000000, 0x0000000100000000)
  region size 1024K, 16 young (16384K), 3 survivors (3072K)
 Metaspace       used 131440K, capacity 134600K, committed 134732K, reserved 1165312K
  class space    used 17043K, capacity 18296K, committed 18304K, reserved 1048576K
}
Event: 169.149 GC heap after
{Heap after GC invocations=64 (full 0):
 garbage-first heap   total 227328K, used 155176K [0x0000000080000000, 0x0000000100000000)
  region size 1024K, 2 young (2048K), 2 survivors (2048K)
 Metaspace       used 131440K, capacity 134600K, committed 134732K, reserved 1165312K
  class space    used 17043K, capacity 18296K, committed 18304K, reserved 1048576K
}
Event: 169.784 GC heap before
{Heap before GC invocations=64 (full 0):
 garbage-first heap   total 227328K, used 176680K [0x0000000080000000, 0x0000000100000000)
  region size 1024K, 23 young (23552K), 2 survivors (2048K)
 Metaspace       used 131481K, capacity 134665K, committed 134732K, reserved 1165312K
  class space    used 17043K, capacity 18296K, committed 18304K, reserved 1048576K
}
Event: 169.818 GC heap after
{Heap after GC invocations=65 (full 0):
 garbage-first heap   total 227328K, used 166233K [0x0000000080000000, 0x0000000100000000)
  region size 1024K, 3 young (3072K), 3 survivors (3072K)
 Metaspace       used 131481K, capacity 134665K, committed 134732K, reserved 1165312K
  class space    used 17043K, capacity 18296K, committed 18304K, reserved 1048576K
}
Event: 170.139 GC heap before
{Heap before GC invocations=66 (full 0):
 garbage-first heap   total 227328K, used 183641K [0x0000000080000000, 0x0000000100000000)
  region size 1024K, 20 young (20480K), 3 survivors (3072K)
 Metaspace       used 131532K, capacity 134730K, committed 134988K, reserved 1165312K
  class space    used 17045K, capacity 18296K, committed 18304K, reserved 1048576K
}
Event: 170.185 GC heap after
{Heap after GC invocations=67 (full 0):
 garbage-first heap   total 227328K, used 175997K [0x0000000080000000, 0x0000000100000000)
  region size 1024K, 3 young (3072K), 3 survivors (3072K)
 Metaspace       used 131532K, capacity 134730K, committed 134988K, reserved 1165312K
  class space    used 17045K, capacity 18296K, committed 18304K, reserved 1048576K
}
Event: 170.318 GC heap before
{Heap before GC invocations=67 (full 0):
 garbage-first heap   total 227328K, used 184189K [0x0000000080000000, 0x0000000100000000)
  region size 1024K, 11 young (11264K), 3 survivors (3072K)
 Metaspace       used 131534K, capacity 134730K, committed 134988K, reserved 1165312K
  class space    used 17045K, capacity 18296K, committed 18304K, reserved 1048576K
}
Event: 170.347 GC heap after
{Heap after GC invocations=68 (full 0):
 garbage-first heap   total 227328K, used 178606K [0x0000000080000000, 0x0000000100000000)
  region size 1024K, 2 young (2048K), 2 survivors (2048K)
 Metaspace       used 131534K, capacity 134730K, committed 134988K, reserved 1165312K
  class space    used 17045K, capacity 18296K, committed 18304K, reserved 1048576K
}
Event: 170.697 GC heap before
{Heap before GC invocations=68 (full 0):
 garbage-first heap   total 227328K, used 189870K [0x0000000080000000, 0x0000000100000000)
  region size 1024K, 13 young (13312K), 2 survivors (2048K)
 Metaspace       used 131676K, capacity 134949K, committed 134988K, reserved 1165312K
  class space    used 17055K, capacity 18303K, committed 18304K, reserved 1048576K
}
Event: 170.717 GC heap after
{Heap after GC invocations=69 (full 0):
 garbage-first heap   total 293888K, used 181986K [0x0000000080000000, 0x0000000100000000)
  region size 1024K, 2 young (2048K), 2 survivors (2048K)
 Metaspace       used 131676K, capacity 134949K, committed 134988K, reserved 1165312K
  class space    used 17055K, capacity 18303K, committed 18304K, reserved 1048576K
}
Event: 171.783 GC heap before
{Heap before GC invocations=69 (full 0):
 garbage-first heap   total 293888K, used 211682K [0x0000000080000000, 0x0000000100000000)
  region size 1024K, 32 young (32768K), 2 survivors (2048K)
 Metaspace       used 132268K, capacity 135637K, committed 135884K, reserved 1167360K
  class space    used 17140K, capacity 18420K, committed 18432K, reserved 1048576K
}
Event: 171.882 GC heap after
{Heap after GC invocations=70 (full 0):
 garbage-first heap   total 293888K, used 185188K [0x0000000080000000, 0x0000000100000000)
  region size 1024K, 4 young (4096K), 4 survivors (4096K)
 Metaspace       used 132268K, capacity 135637K, committed 135884K, reserved 1167360K
  class space    used 17140K, capacity 18420K, committed 18432K, reserved 1048576K
}
Event: 173.355 GC heap before
{Heap before GC invocations=70 (full 0):
 garbage-first heap   total 293888K, used 214884K [0x0000000080000000, 0x0000000100000000)
  region size 1024K, 34 young (34816K), 4 survivors (4096K)
 Metaspace       used 132776K, capacity 136166K, committed 136268K, reserved 1167360K
  class space    used 17201K, capacity 18509K, committed 18560K, reserved 1048576K
}
Event: 173.383 GC heap after
{Heap after GC invocations=71 (full 0):
 garbage-first heap   total 293888K, used 188339K [0x0000000080000000, 0x0000000100000000)
  region size 1024K, 5 young (5120K), 5 survivors (5120K)
 Metaspace       used 132776K, capacity 136166K, committed 136268K, reserved 1167360K
  class space    used 17201K, capacity 18509K, committed 18560K, reserved 1048576K
}
Event: 175.065 GC heap before
{Heap before GC invocations=71 (full 0):
 garbage-first heap   total 293888K, used 227251K [0x0000000080000000, 0x0000000100000000)
  region size 1024K, 38 young (38912K), 5 survivors (5120K)
 Metaspace       used 132901K, capacity 136305K, committed 136524K, reserved 1167360K
  class space    used 17211K, capacity 18512K, committed 18560K, reserved 1048576K
}
Event: 175.094 GC heap after
{Heap after GC invocations=72 (full 0):
 garbage-first heap   total 293888K, used 196389K [0x0000000080000000, 0x0000000100000000)
  region size 1024K, 3 young (3072K), 3 survivors (3072K)
 Metaspace       used 132901K, capacity 136305K, committed 136524K, reserved 1167360K
  class space    used 17211K, capacity 18512K, committed 18560K, reserved 1048576K
}
Event: 177.241 GC heap before
{Heap before GC invocations=72 (full 0):
 garbage-first heap   total 293888K, used 232229K [0x0000000080000000, 0x0000000100000000)
  region size 1024K, 36 young (36864K), 3 survivors (3072K)
 Metaspace       used 132912K, capacity 136319K, committed 136524K, reserved 1167360K
  class space    used 17213K, capacity 18517K, committed 18560K, reserved 1048576K
}
Event: 177.264 GC heap after
{Heap after GC invocations=73 (full 0):
 garbage-first heap   total 495616K, used 203752K [0x0000000080000000, 0x0000000100000000)
  region size 1024K, 5 young (5120K), 5 survivors (5120K)
 Metaspace       used 132912K, capacity 136319K, committed 136524K, reserved 1167360K
  class space    used 17213K, capacity 18517K, committed 18560K, reserved 1048576K
}

