# JRE version: OpenJDK Runtime Environment (11.0.12+7) (build 11.0.12+7-b1504.28-7817840)
# Java VM: OpenJDK 64-Bit Server VM (11.0.12+7-b1504.28-7817840, mixed mode, tiered, compressed oops, g1 gc, windows-amd64)
Heap:
 garbage-first heap   total 155648K, used 95659K [0x0000000080000000, 0x0000000100000000)
  region size 1024K, 39 young (39936K), 4 survivors (4096K)
 Metaspace       used 69787K, capacity 71434K, committed 71460K, reserved 1112064K
  class space    used 9067K, capacity 9720K, committed 9728K, reserved 1048576K
GC Heap History (20 events):
Event: 7.314 GC heap before
{Heap before GC invocations=6 (full 0):
 garbage-first heap   total 129024K, used 63488K [0x0000000080000000, 0x0000000100000000)
  region size 1024K, 47 young (48128K), 1 survivors (1024K)
 Metaspace       used 25561K, capacity 26110K, committed 26288K, reserved 1073152K
  class space    used 3264K, capacity 3470K, committed 3584K, reserved 1048576K
}
Event: 7.320 GC heap after
{Heap after GC invocations=7 (full 0):
 garbage-first heap   total 129024K, used 19077K [0x0000000080000000, 0x0000000100000000)
  region size 1024K, 3 young (3072K), 3 survivors (3072K)
 Metaspace       used 25561K, capacity 26110K, committed 26288K, reserved 1073152K
  class space    used 3264K, capacity 3470K, committed 3584K, reserved 1048576K
}
Event: 8.243 GC heap before
{Heap before GC invocations=7 (full 0):
 garbage-first heap   total 129024K, used 75397K [0x0000000080000000, 0x0000000100000000)
  region size 1024K, 54 young (55296K), 3 survivors (3072K)
 Metaspace       used 30436K, capacity 31285K, committed 31408K, reserved 1077248K
  class space    used 4048K, capacity 4342K, committed 4352K, reserved 1048576K
}
Event: 8.252 GC heap after
{Heap after GC invocations=8 (full 0):
 garbage-first heap   total 129024K, used 26581K [0x0000000080000000, 0x0000000100000000)
  region size 1024K, 5 young (5120K), 5 survivors (5120K)
 Metaspace       used 30436K, capacity 31285K, committed 31408K, reserved 1077248K
  class space    used 4048K, capacity 4342K, committed 4352K, reserved 1048576K
}
Event: 8.823 GC heap before
{Heap before GC invocations=8 (full 0):
 garbage-first heap   total 129024K, used 51157K [0x0000000080000000, 0x0000000100000000)
  region size 1024K, 30 young (30720K), 5 survivors (5120K)
 Metaspace       used 34609K, capacity 35561K, committed 35708K, reserved 1081344K
  class space    used 4522K, capacity 4851K, committed 4864K, reserved 1048576K
}
Event: 8.839 GC heap after
{Heap after GC invocations=9 (full 0):
 garbage-first heap   total 129024K, used 28380K [0x0000000080000000, 0x0000000100000000)
  region size 1024K, 5 young (5120K), 5 survivors (5120K)
 Metaspace       used 34609K, capacity 35561K, committed 35708K, reserved 1081344K
  class space    used 4522K, capacity 4851K, committed 4864K, reserved 1048576K
}
Event: 10.107 GC heap before
{Heap before GC invocations=10 (full 0):
 garbage-first heap   total 129024K, used 79580K [0x0000000080000000, 0x0000000100000000)
  region size 1024K, 53 young (54272K), 5 survivors (5120K)
 Metaspace       used 40089K, capacity 41141K, committed 41160K, reserved 1085440K
  class space    used 5102K, capacity 5492K, committed 5504K, reserved 1048576K
}
Event: 10.123 GC heap after
{Heap after GC invocations=11 (full 0):
 garbage-first heap   total 129024K, used 33237K [0x0000000080000000, 0x0000000100000000)
  region size 1024K, 7 young (7168K), 7 survivors (7168K)
 Metaspace       used 40089K, capacity 41141K, committed 41160K, reserved 1085440K
  class space    used 5102K, capacity 5492K, committed 5504K, reserved 1048576K
}
Event: 12.619 GC heap before
{Heap before GC invocations=11 (full 0):
 garbage-first heap   total 129024K, used 84437K [0x0000000080000000, 0x0000000100000000)
  region size 1024K, 56 young (57344K), 7 survivors (7168K)
 Metaspace       used 44532K, capacity 45652K, committed 45896K, reserved 1089536K
  class space    used 5658K, capacity 6074K, committed 6144K, reserved 1048576K
}
Event: 12.641 GC heap after
{Heap after GC invocations=12 (full 0):
 garbage-first heap   total 155648K, used 35687K [0x0000000080000000, 0x0000000100000000)
  region size 1024K, 3 young (3072K), 3 survivors (3072K)
 Metaspace       used 44532K, capacity 45652K, committed 45896K, reserved 1089536K
  class space    used 5658K, capacity 6074K, committed 6144K, reserved 1048576K
}
Event: 13.857 GC heap before
{Heap before GC invocations=12 (full 0):
 garbage-first heap   total 155648K, used 100199K [0x0000000080000000, 0x0000000100000000)
  region size 1024K, 66 young (67584K), 3 survivors (3072K)
 Metaspace       used 48657K, capacity 49985K, committed 50120K, reserved 1093632K
  class space    used 6226K, capacity 6732K, committed 6784K, reserved 1048576K
}
Event: 13.867 GC heap after
{Heap after GC invocations=13 (full 0):
 garbage-first heap   total 155648K, used 37896K [0x0000000080000000, 0x0000000100000000)
  region size 1024K, 6 young (6144K), 6 survivors (6144K)
 Metaspace       used 48657K, capacity 49985K, committed 50120K, reserved 1093632K
  class space    used 6226K, capacity 6732K, committed 6784K, reserved 1048576K
}
Event: 15.677 GC heap before
{Heap before GC invocations=13 (full 0):
 garbage-first heap   total 155648K, used 108552K [0x0000000080000000, 0x0000000100000000)
  region size 1024K, 72 young (73728K), 6 survivors (6144K)
 Metaspace       used 53945K, capacity 55370K, committed 55624K, reserved 1097728K
  class space    used 6864K, capacity 7390K, committed 7424K, reserved 1048576K
}
Event: 15.694 GC heap after
{Heap after GC invocations=14 (full 0):
 garbage-first heap   total 155648K, used 50824K [0x0000000080000000, 0x0000000100000000)
  region size 1024K, 9 young (9216K), 9 survivors (9216K)
 Metaspace       used 53945K, capacity 55370K, committed 55624K, reserved 1097728K
  class space    used 6864K, capacity 7390K, committed 7424K, reserved 1048576K
}
Event: 16.830 GC heap before
{Heap before GC invocations=14 (full 0):
 garbage-first heap   total 155648K, used 81544K [0x0000000080000000, 0x0000000100000000)
  region size 1024K, 40 young (40960K), 9 survivors (9216K)
 Metaspace       used 58465K, capacity 59948K, committed 60068K, reserved 1101824K
  class space    used 7442K, capacity 7994K, committed 8064K, reserved 1048576K
}
Event: 16.850 GC heap after
{Heap after GC invocations=15 (full 0):
 garbage-first heap   total 155648K, used 53030K [0x0000000080000000, 0x0000000100000000)
  region size 1024K, 2 young (2048K), 2 survivors (2048K)
 Metaspace       used 58465K, capacity 59948K, committed 60068K, reserved 1101824K
  class space    used 7442K, capacity 7994K, committed 8064K, reserved 1048576K
}
Event: 18.124 GC heap before
{Heap before GC invocations=16 (full 0):
 garbage-first heap   total 155648K, used 103206K [0x0000000080000000, 0x0000000100000000)
  region size 1024K, 52 young (53248K), 2 survivors (2048K)
 Metaspace       used 63666K, capacity 65183K, committed 65316K, reserved 1105920K
  class space    used 8067K, capacity 8689K, committed 8704K, reserved 1048576K
}
Event: 18.137 GC heap after
{Heap after GC invocations=17 (full 0):
 garbage-first heap   total 155648K, used 57141K [0x0000000080000000, 0x0000000100000000)
  region size 1024K, 6 young (6144K), 6 survivors (6144K)
 Metaspace       used 63666K, capacity 65183K, committed 65316K, reserved 1105920K
  class space    used 8067K, capacity 8689K, committed 8704K, reserved 1048576K
}
Event: 19.073 GC heap before
{Heap before GC invocations=18 (full 0):
 garbage-first heap   total 155648K, used 108341K [0x0000000080000000, 0x0000000100000000)
  region size 1024K, 56 young (57344K), 6 survivors (6144K)
 Metaspace       used 65674K, capacity 67298K, committed 67492K, reserved 1107968K
  class space    used 8360K, capacity 9002K, committed 9088K, reserved 1048576K
}
Event: 19.092 GC heap after
{Heap after GC invocations=19 (full 0):
 garbage-first heap   total 155648K, used 60843K [0x0000000080000000, 0x0000000100000000)
  region size 1024K, 4 young (4096K), 4 survivors (4096K)
 Metaspace       used 65674K, capacity 67298K, committed 67492K, reserved 1107968K
  class space    used 8360K, capacity 9002K, committed 9088K, reserved 1048576K
}

