# JRE version: OpenJDK Runtime Environment (11.0.12+7) (build 11.0.12+7-b1504.28-7817840)
# Java VM: OpenJDK 64-Bit Server VM (11.0.12+7-b1504.28-7817840, mixed mode, tiered, compressed oops, g1 gc, windows-amd64)
Heap:
 garbage-first heap   total 225280K, used 126308K [0x0000000080000000, 0x0000000100000000)
  region size 1024K, 22 young (22528K), 10 survivors (10240K)
 Metaspace       used 94698K, capacity 97395K, committed 97484K, reserved 1134592K
  class space    used 12206K, capacity 13220K, committed 13260K, reserved 1048576K
GC Heap History (20 events):
Event: 8.771 GC heap before
{Heap before GC invocations=12 (full 0):
 garbage-first heap   total 155648K, used 112770K [0x0000000080000000, 0x0000000100000000)
  region size 1024K, 62 young (63488K), 5 survivors (5120K)
 Metaspace       used 49376K, capacity 50714K, committed 50944K, reserved 1093632K
  class space    used 6416K, capacity 6882K, committed 6912K, reserved 1048576K
}
Event: 8.785 GC heap after
{Heap after GC invocations=13 (full 0):
 garbage-first heap   total 187392K, used 58597K [0x0000000080000000, 0x0000000100000000)
  region size 1024K, 4 young (4096K), 4 survivors (4096K)
 Metaspace       used 49376K, capacity 50714K, committed 50944K, reserved 1093632K
  class space    used 6416K, capacity 6882K, committed 6912K, reserved 1048576K
}
Event: 10.294 GC heap before
{Heap before GC invocations=13 (full 0):
 garbage-first heap   total 187392K, used 131301K [0x0000000080000000, 0x0000000100000000)
  region size 1024K, 72 young (73728K), 4 survivors (4096K)
 Metaspace       used 53316K, capacity 54825K, committed 55040K, reserved 1097728K
  class space    used 6865K, capacity 7411K, committed 7424K, reserved 1048576K
}
Event: 10.307 GC heap after
{Heap after GC invocations=14 (full 0):
 garbage-first heap   total 187392K, used 71279K [0x0000000080000000, 0x0000000100000000)
  region size 1024K, 9 young (9216K), 9 survivors (9216K)
 Metaspace       used 53316K, capacity 54825K, committed 55040K, reserved 1097728K
  class space    used 6865K, capacity 7411K, committed 7424K, reserved 1048576K
}
Event: 11.024 GC heap before
{Heap before GC invocations=14 (full 0):
 garbage-first heap   total 187392K, used 106095K [0x0000000080000000, 0x0000000100000000)
  region size 1024K, 44 young (45056K), 9 survivors (9216K)
 Metaspace       used 58528K, capacity 60091K, committed 60160K, reserved 1101824K
  class space    used 7503K, capacity 8056K, committed 8064K, reserved 1048576K
}
Event: 11.048 GC heap after
{Heap after GC invocations=15 (full 0):
 garbage-first heap   total 187392K, used 72802K [0x0000000080000000, 0x0000000100000000)
  region size 1024K, 2 young (2048K), 2 survivors (2048K)
 Metaspace       used 58528K, capacity 60091K, committed 60160K, reserved 1101824K
  class space    used 7503K, capacity 8056K, committed 8064K, reserved 1048576K
}
Event: 12.174 GC heap before
{Heap before GC invocations=16 (full 0):
 garbage-first heap   total 187392K, used 127074K [0x0000000080000000, 0x0000000100000000)
  region size 1024K, 56 young (57344K), 2 survivors (2048K)
 Metaspace       used 64810K, capacity 66611K, committed 66892K, reserved 1107968K
  class space    used 8302K, capacity 8942K, committed 9036K, reserved 1048576K
}
Event: 12.188 GC heap after
{Heap after GC invocations=17 (full 0):
 garbage-first heap   total 187392K, used 77033K [0x0000000080000000, 0x0000000100000000)
  region size 1024K, 6 young (6144K), 6 survivors (6144K)
 Metaspace       used 64810K, capacity 66611K, committed 66892K, reserved 1107968K
  class space    used 8302K, capacity 8942K, committed 9036K, reserved 1048576K
}
Event: 12.956 GC heap before
{Heap before GC invocations=18 (full 0):
 garbage-first heap   total 187392K, used 134377K [0x0000000080000000, 0x0000000100000000)
  region size 1024K, 61 young (62464K), 6 survivors (6144K)
 Metaspace       used 67319K, capacity 69089K, committed 69324K, reserved 1110016K
  class space    used 8648K, capacity 9291K, committed 9420K, reserved 1048576K
}
Event: 12.970 GC heap after
{Heap after GC invocations=19 (full 0):
 garbage-first heap   total 225280K, used 80792K [0x0000000080000000, 0x0000000100000000)
  region size 1024K, 4 young (4096K), 4 survivors (4096K)
 Metaspace       used 67319K, capacity 69089K, committed 69324K, reserved 1110016K
  class space    used 8648K, capacity 9291K, committed 9420K, reserved 1048576K
}
Event: 14.457 GC heap before
{Heap before GC invocations=19 (full 0):
 garbage-first heap   total 225280K, used 163736K [0x0000000080000000, 0x0000000100000000)
  region size 1024K, 76 young (77824K), 4 survivors (4096K)
 Metaspace       used 74683K, capacity 76668K, committed 76876K, reserved 1116160K
  class space    used 9805K, capacity 10546K, committed 10572K, reserved 1048576K
}
Event: 14.471 GC heap after
{Heap after GC invocations=20 (full 0):
 garbage-first heap   total 225280K, used 98304K [0x0000000080000000, 0x0000000100000000)
  region size 1024K, 10 young (10240K), 10 survivors (10240K)
 Metaspace       used 74683K, capacity 76668K, committed 76876K, reserved 1116160K
  class space    used 9805K, capacity 10546K, committed 10572K, reserved 1048576K
}
Event: 15.472 GC heap before
{Heap before GC invocations=20 (full 0):
 garbage-first heap   total 225280K, used 166912K [0x0000000080000000, 0x0000000100000000)
  region size 1024K, 77 young (78848K), 10 survivors (10240K)
 Metaspace       used 78455K, capacity 80620K, committed 80844K, reserved 1118208K
  class space    used 10297K, capacity 11120K, committed 11212K, reserved 1048576K
}
Event: 15.489 GC heap after
{Heap after GC invocations=21 (full 0):
 garbage-first heap   total 225280K, used 103207K [0x0000000080000000, 0x0000000100000000)
  region size 1024K, 5 young (5120K), 5 survivors (5120K)
 Metaspace       used 78455K, capacity 80620K, committed 80844K, reserved 1118208K
  class space    used 10297K, capacity 11120K, committed 11212K, reserved 1048576K
}
Event: 16.921 GC heap before
{Heap before GC invocations=21 (full 0):
 garbage-first heap   total 225280K, used 171815K [0x0000000080000000, 0x0000000100000000)
  region size 1024K, 71 young (72704K), 5 survivors (5120K)
 Metaspace       used 87415K, capacity 89696K, committed 89932K, reserved 1126400K
  class space    used 11420K, capacity 12253K, committed 12364K, reserved 1048576K
}
Event: 16.938 GC heap after
{Heap after GC invocations=22 (full 0):
 garbage-first heap   total 225280K, used 105618K [0x0000000080000000, 0x0000000100000000)
  region size 1024K, 7 young (7168K), 7 survivors (7168K)
 Metaspace       used 87415K, capacity 89696K, committed 89932K, reserved 1126400K
  class space    used 11420K, capacity 12253K, committed 12364K, reserved 1048576K
}
Event: 18.861 GC heap before
{Heap before GC invocations=22 (full 0):
 garbage-first heap   total 225280K, used 173202K [0x0000000080000000, 0x0000000100000000)
  region size 1024K, 74 young (75776K), 7 survivors (7168K)
 Metaspace       used 91584K, capacity 93928K, committed 94284K, reserved 1130496K
  class space    used 11891K, capacity 12775K, committed 12876K, reserved 1048576K
}
Event: 18.883 GC heap after
{Heap after GC invocations=23 (full 0):
 garbage-first heap   total 225280K, used 110482K [0x0000000080000000, 0x0000000100000000)
  region size 1024K, 8 young (8192K), 8 survivors (8192K)
 Metaspace       used 91584K, capacity 93928K, committed 94284K, reserved 1130496K
  class space    used 11891K, capacity 12775K, committed 12876K, reserved 1048576K
}
Event: 22.150 GC heap before
{Heap before GC invocations=23 (full 0):
 garbage-first heap   total 225280K, used 179090K [0x0000000080000000, 0x0000000100000000)
  region size 1024K, 75 young (76800K), 8 survivors (8192K)
 Metaspace       used 94443K, capacity 97102K, committed 97228K, reserved 1132544K
  class space    used 12200K, capacity 13191K, committed 13260K, reserved 1048576K
}
Event: 22.173 GC heap after
{Heap after GC invocations=24 (full 0):
 garbage-first heap   total 225280K, used 115044K [0x0000000080000000, 0x0000000100000000)
  region size 1024K, 10 young (10240K), 10 survivors (10240K)
 Metaspace       used 94443K, capacity 97102K, committed 97228K, reserved 1132544K
  class space    used 12200K, capacity 13191K, committed 13260K, reserved 1048576K
}

