# JRE version: OpenJDK Runtime Environment (11.0.12+7) (build 11.0.12+7-b1504.28-7817840)
# Java VM: OpenJDK 64-Bit Server VM (11.0.12+7-b1504.28-7817840, mixed mode, tiered, compressed oops, g1 gc, windows-amd64)
Heap:
 garbage-first heap   total 187392K, used 108123K [0x0000000080000000, 0x0000000100000000)
  region size 1024K, 62 young (63488K), 8 survivors (8192K)
 Metaspace       used 67452K, capacity 69048K, committed 69420K, reserved 1110016K
  class space    used 8620K, capacity 9222K, committed 9344K, reserved 1048576K
GC Heap History (20 events):
Event: 2.154 GC heap before
{Heap before GC invocations=2 (full 0):
 garbage-first heap   total 129024K, used 49141K [0x0000000080000000, 0x0000000100000000)
  region size 1024K, 41 young (41984K), 2 survivors (2048K)
 Metaspace       used 11000K, capacity 11321K, committed 11520K, reserved 1058816K
  class space    used 1150K, capacity 1247K, committed 1280K, reserved 1048576K
}
Event: 2.162 GC heap after
{Heap after GC invocations=3 (full 0):
 garbage-first heap   total 129024K, used 13608K [0x0000000080000000, 0x0000000100000000)
  region size 1024K, 6 young (6144K), 6 survivors (6144K)
 Metaspace       used 11000K, capacity 11321K, committed 11520K, reserved 1058816K
  class space    used 1150K, capacity 1247K, committed 1280K, reserved 1048576K
}
Event: 4.418 GC heap before
{Heap before GC invocations=3 (full 0):
 garbage-first heap   total 129024K, used 68904K [0x0000000080000000, 0x0000000100000000)
  region size 1024K, 60 young (61440K), 6 survivors (6144K)
 Metaspace       used 19958K, capacity 20381K, committed 20608K, reserved 1067008K
  class space    used 2456K, capacity 2607K, committed 2688K, reserved 1048576K
}
Event: 4.431 GC heap after
{Heap after GC invocations=4 (full 0):
 garbage-first heap   total 129024K, used 17451K [0x0000000080000000, 0x0000000100000000)
  region size 1024K, 4 young (4096K), 4 survivors (4096K)
 Metaspace       used 19958K, capacity 20381K, committed 20608K, reserved 1067008K
  class space    used 2456K, capacity 2607K, committed 2688K, reserved 1048576K
}
Event: 4.584 GC heap before
{Heap before GC invocations=4 (full 0):
 garbage-first heap   total 129024K, used 21547K [0x0000000080000000, 0x0000000100000000)
  region size 1024K, 9 young (9216K), 4 survivors (4096K)
 Metaspace       used 20701K, capacity 21135K, committed 21248K, reserved 1067008K
  class space    used 2541K, capacity 2710K, committed 2816K, reserved 1048576K
}
Event: 4.591 GC heap after
{Heap after GC invocations=5 (full 0):
 garbage-first heap   total 155648K, used 17624K [0x0000000080000000, 0x0000000100000000)
  region size 1024K, 4 young (4096K), 4 survivors (4096K)
 Metaspace       used 20701K, capacity 21135K, committed 21248K, reserved 1067008K
  class space    used 2541K, capacity 2710K, committed 2816K, reserved 1048576K
}
Event: 7.718 GC heap before
{Heap before GC invocations=6 (full 0):
 garbage-first heap   total 155648K, used 89304K [0x0000000080000000, 0x0000000100000000)
  region size 1024K, 74 young (75776K), 4 survivors (4096K)
 Metaspace       used 27852K, capacity 28508K, committed 28800K, reserved 1075200K
  class space    used 3665K, capacity 3925K, committed 3968K, reserved 1048576K
}
Event: 7.730 GC heap after
{Heap after GC invocations=7 (full 0):
 garbage-first heap   total 155648K, used 19902K [0x0000000080000000, 0x0000000100000000)
  region size 1024K, 6 young (6144K), 6 survivors (6144K)
 Metaspace       used 27852K, capacity 28508K, committed 28800K, reserved 1075200K
  class space    used 3665K, capacity 3925K, committed 3968K, reserved 1048576K
}
Event: 11.686 GC heap before
{Heap before GC invocations=7 (full 0):
 garbage-first heap   total 155648K, used 57790K [0x0000000080000000, 0x0000000100000000)
  region size 1024K, 44 young (45056K), 6 survivors (6144K)
 Metaspace       used 34968K, capacity 35786K, committed 35840K, reserved 1081344K
  class space    used 4531K, capacity 4839K, committed 4864K, reserved 1048576K
}
Event: 11.704 GC heap after
{Heap after GC invocations=8 (full 0):
 garbage-first heap   total 155648K, used 22687K [0x0000000080000000, 0x0000000100000000)
  region size 1024K, 9 young (9216K), 9 survivors (9216K)
 Metaspace       used 34968K, capacity 35786K, committed 35840K, reserved 1081344K
  class space    used 4531K, capacity 4839K, committed 4864K, reserved 1048576K
}
Event: 15.732 GC heap before
{Heap before GC invocations=9 (full 0):
 garbage-first heap   total 155648K, used 102559K [0x0000000080000000, 0x0000000100000000)
  region size 1024K, 85 young (87040K), 9 survivors (9216K)
 Metaspace       used 41528K, capacity 42531K, committed 42624K, reserved 1085440K
  class space    used 5323K, capacity 5689K, committed 5760K, reserved 1048576K
}
Event: 15.761 GC heap after
{Heap after GC invocations=10 (full 0):
 garbage-first heap   total 155648K, used 29143K [0x0000000080000000, 0x0000000100000000)
  region size 1024K, 11 young (11264K), 11 survivors (11264K)
 Metaspace       used 41528K, capacity 42531K, committed 42624K, reserved 1085440K
  class space    used 5323K, capacity 5689K, committed 5760K, reserved 1048576K
}
Event: 19.600 GC heap before
{Heap before GC invocations=10 (full 0):
 garbage-first heap   total 155648K, used 107991K [0x0000000080000000, 0x0000000100000000)
  region size 1024K, 88 young (90112K), 11 survivors (11264K)
 Metaspace       used 47998K, capacity 49196K, committed 49408K, reserved 1091584K
  class space    used 6160K, capacity 6631K, committed 6656K, reserved 1048576K
}
Event: 19.632 GC heap after
{Heap after GC invocations=11 (full 0):
 garbage-first heap   total 155648K, used 32277K [0x0000000080000000, 0x0000000100000000)
  region size 1024K, 9 young (9216K), 9 survivors (9216K)
 Metaspace       used 47998K, capacity 49196K, committed 49408K, reserved 1091584K
  class space    used 6160K, capacity 6631K, committed 6656K, reserved 1048576K
}
Event: 24.839 GC heap before
{Heap before GC invocations=11 (full 0):
 garbage-first heap   total 155648K, used 115221K [0x0000000080000000, 0x0000000100000000)
  region size 1024K, 86 young (88064K), 9 survivors (9216K)
 Metaspace       used 54454K, capacity 55756K, committed 55936K, reserved 1097728K
  class space    used 6959K, capacity 7457K, committed 7552K, reserved 1048576K
}
Event: 24.875 GC heap after
{Heap after GC invocations=12 (full 0):
 garbage-first heap   total 155648K, used 45690K [0x0000000080000000, 0x0000000100000000)
  region size 1024K, 11 young (11264K), 11 survivors (11264K)
 Metaspace       used 54454K, capacity 55756K, committed 55936K, reserved 1097728K
  class space    used 6959K, capacity 7457K, committed 7552K, reserved 1048576K
}
Event: 27.456 GC heap before
{Heap before GC invocations=12 (full 0):
 garbage-first heap   total 155648K, used 72314K [0x0000000080000000, 0x0000000100000000)
  region size 1024K, 38 young (38912K), 11 survivors (11264K)
 Metaspace       used 58390K, capacity 59790K, committed 59948K, reserved 1101824K
  class space    used 7433K, capacity 7965K, committed 8064K, reserved 1048576K
}
Event: 27.485 GC heap after
{Heap after GC invocations=13 (full 0):
 garbage-first heap   total 187392K, used 47887K [0x0000000080000000, 0x0000000100000000)
  region size 1024K, 2 young (2048K), 2 survivors (2048K)
 Metaspace       used 58390K, capacity 59790K, committed 59948K, reserved 1101824K
  class space    used 7433K, capacity 7965K, committed 8064K, reserved 1048576K
}
Event: 31.411 GC heap before
{Heap before GC invocations=14 (full 0):
 garbage-first heap   total 187392K, used 114447K [0x0000000080000000, 0x0000000100000000)
  region size 1024K, 66 young (67584K), 2 survivors (2048K)
 Metaspace       used 64909K, capacity 66405K, committed 66732K, reserved 1107968K
  class space    used 8238K, capacity 8837K, committed 8960K, reserved 1048576K
}
Event: 31.432 GC heap after
{Heap after GC invocations=15 (full 0):
 garbage-first heap   total 187392K, used 53851K [0x0000000080000000, 0x0000000100000000)
  region size 1024K, 8 young (8192K), 8 survivors (8192K)
 Metaspace       used 64909K, capacity 66405K, committed 66732K, reserved 1107968K
  class space    used 8238K, capacity 8837K, committed 8960K, reserved 1048576K
}

