# JRE version: OpenJDK Runtime Environment (11.0.12+7) (build 11.0.12+7-b1504.28-7817840)
# Java VM: OpenJDK 64-Bit Server VM (11.0.12+7-b1504.28-7817840, mixed mode, tiered, compressed oops, g1 gc, windows-amd64)
Heap:
 garbage-first heap   total 155648K, used 75473K [0x0000000080000000, 0x0000000100000000)
  region size 1024K, 25 young (25600K), 5 survivors (5120K)
 Metaspace       used 70080K, capacity 71759K, committed 71852K, reserved 1112064K
  class space    used 9111K, capacity 9715K, committed 9728K, reserved 1048576K
GC Heap History (20 events):
Event: 5.611 GC heap before
{Heap before GC invocations=2 (full 0):
 garbage-first heap   total 129024K, used 53028K [0x0000000080000000, 0x0000000100000000)
  region size 1024K, 46 young (47104K), 5 survivors (5120K)
 Metaspace       used 17496K, capacity 17879K, committed 18176K, reserved 1064960K
  class space    used 2057K, capacity 2177K, committed 2304K, reserved 1048576K
}
Event: 5.635 GC heap after
{Heap after GC invocations=3 (full 0):
 garbage-first heap   total 129024K, used 17133K [0x0000000080000000, 0x0000000100000000)
  region size 1024K, 6 young (6144K), 6 survivors (6144K)
 Metaspace       used 17496K, capacity 17879K, committed 18176K, reserved 1064960K
  class space    used 2057K, capacity 2177K, committed 2304K, reserved 1048576K
}
Event: 6.288 GC heap before
{Heap before GC invocations=3 (full 0):
 garbage-first heap   total 129024K, used 46829K [0x0000000080000000, 0x0000000100000000)
  region size 1024K, 36 young (36864K), 6 survivors (6144K)
 Metaspace       used 20741K, capacity 21142K, committed 21248K, reserved 1067008K
  class space    used 2550K, capacity 2711K, committed 2816K, reserved 1048576K
}
Event: 6.298 GC heap after
{Heap after GC invocations=4 (full 0):
 garbage-first heap   total 129024K, used 18401K [0x0000000080000000, 0x0000000100000000)
  region size 1024K, 2 young (2048K), 2 survivors (2048K)
 Metaspace       used 20741K, capacity 21142K, committed 21248K, reserved 1067008K
  class space    used 2550K, capacity 2711K, committed 2816K, reserved 1048576K
}
Event: 7.904 GC heap before
{Heap before GC invocations=5 (full 0):
 garbage-first heap   total 129024K, used 67553K [0x0000000080000000, 0x0000000100000000)
  region size 1024K, 51 young (52224K), 2 survivors (2048K)
 Metaspace       used 26138K, capacity 26691K, committed 27008K, reserved 1073152K
  class space    used 3390K, capacity 3587K, committed 3712K, reserved 1048576K
}
Event: 7.911 GC heap after
{Heap after GC invocations=6 (full 0):
 garbage-first heap   total 129024K, used 19127K [0x0000000080000000, 0x0000000100000000)
  region size 1024K, 3 young (3072K), 3 survivors (3072K)
 Metaspace       used 26138K, capacity 26691K, committed 27008K, reserved 1073152K
  class space    used 3390K, capacity 3587K, committed 3712K, reserved 1048576K
}
Event: 10.049 GC heap before
{Heap before GC invocations=6 (full 0):
 garbage-first heap   total 129024K, used 77495K [0x0000000080000000, 0x0000000100000000)
  region size 1024K, 61 young (62464K), 3 survivors (3072K)
 Metaspace       used 34895K, capacity 35662K, committed 35840K, reserved 1081344K
  class space    used 4531K, capacity 4839K, committed 4864K, reserved 1048576K
}
Event: 10.073 GC heap after
{Heap after GC invocations=7 (full 0):
 garbage-first heap   total 129024K, used 22482K [0x0000000080000000, 0x0000000100000000)
  region size 1024K, 7 young (7168K), 7 survivors (7168K)
 Metaspace       used 34895K, capacity 35662K, committed 35840K, reserved 1081344K
  class space    used 4531K, capacity 4839K, committed 4864K, reserved 1048576K
}
Event: 12.380 GC heap before
{Heap before GC invocations=8 (full 0):
 garbage-first heap   total 129024K, used 86994K [0x0000000080000000, 0x0000000100000000)
  region size 1024K, 68 young (69632K), 7 survivors (7168K)
 Metaspace       used 39933K, capacity 40915K, committed 41088K, reserved 1085440K
  class space    used 5110K, capacity 5434K, committed 5504K, reserved 1048576K
}
Event: 12.400 GC heap after
{Heap after GC invocations=9 (full 0):
 garbage-first heap   total 129024K, used 27640K [0x0000000080000000, 0x0000000100000000)
  region size 1024K, 9 young (9216K), 9 survivors (9216K)
 Metaspace       used 39933K, capacity 40915K, committed 41088K, reserved 1085440K
  class space    used 5110K, capacity 5434K, committed 5504K, reserved 1048576K
}
Event: 14.451 GC heap before
{Heap before GC invocations=9 (full 0):
 garbage-first heap   total 129024K, used 91128K [0x0000000080000000, 0x0000000100000000)
  region size 1024K, 71 young (72704K), 9 survivors (9216K)
 Metaspace       used 45803K, capacity 46874K, committed 47104K, reserved 1089536K
  class space    used 5892K, capacity 6282K, committed 6400K, reserved 1048576K
}
Event: 14.471 GC heap after
{Heap after GC invocations=10 (full 0):
 garbage-first heap   total 155648K, used 29900K [0x0000000080000000, 0x0000000100000000)
  region size 1024K, 3 young (3072K), 3 survivors (3072K)
 Metaspace       used 45803K, capacity 46874K, committed 47104K, reserved 1089536K
  class space    used 5892K, capacity 6282K, committed 6400K, reserved 1048576K
}
Event: 21.910 GC heap before
{Heap before GC invocations=10 (full 0):
 garbage-first heap   total 155648K, used 123084K [0x0000000080000000, 0x0000000100000000)
  region size 1024K, 91 young (93184K), 3 survivors (3072K)
 Metaspace       used 51615K, capacity 52910K, committed 53248K, reserved 1095680K
  class space    used 6591K, capacity 7083K, committed 7168K, reserved 1048576K
}
Event: 21.926 GC heap after
{Heap after GC invocations=11 (full 0):
 garbage-first heap   total 155648K, used 44345K [0x0000000080000000, 0x0000000100000000)
  region size 1024K, 12 young (12288K), 12 survivors (12288K)
 Metaspace       used 51615K, capacity 52910K, committed 53248K, reserved 1095680K
  class space    used 6591K, capacity 7083K, committed 7168K, reserved 1048576K
}
Event: 25.078 GC heap before
{Heap before GC invocations=11 (full 0):
 garbage-first heap   total 155648K, used 89401K [0x0000000080000000, 0x0000000100000000)
  region size 1024K, 57 young (58368K), 12 survivors (12288K)
 Metaspace       used 58379K, capacity 59794K, committed 59948K, reserved 1101824K
  class space    used 7436K, capacity 7986K, committed 8064K, reserved 1048576K
}
Event: 25.113 GC heap after
{Heap after GC invocations=12 (full 0):
 garbage-first heap   total 155648K, used 47349K [0x0000000080000000, 0x0000000100000000)
  region size 1024K, 3 young (3072K), 3 survivors (3072K)
 Metaspace       used 58379K, capacity 59794K, committed 59948K, reserved 1101824K
  class space    used 7436K, capacity 7986K, committed 8064K, reserved 1048576K
}
Event: 28.945 GC heap before
{Heap before GC invocations=13 (full 0):
 garbage-first heap   total 155648K, used 105717K [0x0000000080000000, 0x0000000100000000)
  region size 1024K, 61 young (62464K), 3 survivors (3072K)
 Metaspace       used 64338K, capacity 65804K, committed 66092K, reserved 1105920K
  class space    used 8185K, capacity 8723K, committed 8832K, reserved 1048576K
}
Event: 28.961 GC heap after
{Heap after GC invocations=14 (full 0):
 garbage-first heap   total 155648K, used 51524K [0x0000000080000000, 0x0000000100000000)
  region size 1024K, 7 young (7168K), 7 survivors (7168K)
 Metaspace       used 64338K, capacity 65804K, committed 66092K, reserved 1105920K
  class space    used 8185K, capacity 8723K, committed 8832K, reserved 1048576K
}
Event: 33.628 GC heap before
{Heap before GC invocations=15 (full 0):
 garbage-first heap   total 155648K, used 111940K [0x0000000080000000, 0x0000000100000000)
  region size 1024K, 65 young (66560K), 7 survivors (7168K)
 Metaspace       used 67229K, capacity 68741K, committed 69036K, reserved 1110016K
  class space    used 8582K, capacity 9158K, committed 9216K, reserved 1048576K
}
Event: 33.661 GC heap after
{Heap after GC invocations=16 (full 0):
 garbage-first heap   total 155648K, used 56017K [0x0000000080000000, 0x0000000100000000)
  region size 1024K, 5 young (5120K), 5 survivors (5120K)
 Metaspace       used 67229K, capacity 68741K, committed 69036K, reserved 1110016K
  class space    used 8582K, capacity 9158K, committed 9216K, reserved 1048576K
}

