# JRE version: OpenJDK Runtime Environment (11.0.12+7) (build 11.0.12+7-b1504.28-7817840)
# Java VM: OpenJDK 64-Bit Server VM (11.0.12+7-b1504.28-7817840, mixed mode, tiered, compressed oops, g1 gc, windows-amd64)
Heap:
 garbage-first heap   total 225280K, used 145140K [0x0000000080000000, 0x0000000100000000)
  region size 1024K, 51 young (52224K), 1 survivors (1024K)
 Metaspace       used 124850K, capacity 128603K, committed 128876K, reserved 1161216K
  class space    used 15581K, capacity 16958K, committed 17088K, reserved 1048576K
GC Heap History (20 events):
Event: 1726.519 GC heap before
{Heap before GC invocations=41 (full 0):
 garbage-first heap   total 225280K, used 150022K [0x0000000080000000, 0x0000000100000000)
  region size 1024K, 43 young (44032K), 2 survivors (2048K)
 Metaspace       used 123298K, capacity 126910K, committed 127340K, reserved 1159168K
  class space    used 15544K, capacity 16922K, committed 17088K, reserved 1048576K
}
Event: 1726.535 GC heap after
{Heap after GC invocations=42 (full 0):
 garbage-first heap   total 225280K, used 111152K [0x0000000080000000, 0x0000000100000000)
  region size 1024K, 4 young (4096K), 4 survivors (4096K)
 Metaspace       used 123298K, capacity 126910K, committed 127340K, reserved 1159168K
  class space    used 15544K, capacity 16922K, committed 17088K, reserved 1048576K
}
Event: 1974.962 GC heap before
{Heap before GC invocations=43 (full 0):
 garbage-first heap   total 225280K, used 186928K [0x0000000080000000, 0x0000000100000000)
  region size 1024K, 68 young (69632K), 4 survivors (4096K)
 Metaspace       used 123900K, capacity 127587K, committed 127852K, reserved 1161216K
  class space    used 15572K, capacity 16946K, committed 17088K, reserved 1048576K
}
Event: 1974.972 GC heap after
{Heap after GC invocations=44 (full 0):
 garbage-first heap   total 225280K, used 110960K [0x0000000080000000, 0x0000000100000000)
  region size 1024K, 4 young (4096K), 4 survivors (4096K)
 Metaspace       used 123900K, capacity 127587K, committed 127852K, reserved 1161216K
  class space    used 15572K, capacity 16946K, committed 17088K, reserved 1048576K
}
Event: 1975.100 GC heap before
{Heap before GC invocations=44 (full 0):
 garbage-first heap   total 225280K, used 118128K [0x0000000080000000, 0x0000000100000000)
  region size 1024K, 11 young (11264K), 4 survivors (4096K)
 Metaspace       used 123958K, capacity 127606K, committed 127852K, reserved 1161216K
  class space    used 15574K, capacity 16949K, committed 17088K, reserved 1048576K
}
Event: 1975.120 GC heap after
{Heap after GC invocations=45 (full 0):
 garbage-first heap   total 225280K, used 111688K [0x0000000080000000, 0x0000000100000000)
  region size 1024K, 2 young (2048K), 2 survivors (2048K)
 Metaspace       used 123958K, capacity 127606K, committed 127852K, reserved 1161216K
  class space    used 15574K, capacity 16949K, committed 17088K, reserved 1048576K
}
Event: 1975.603 GC heap before
{Heap before GC invocations=45 (full 0):
 garbage-first heap   total 225280K, used 132168K [0x0000000080000000, 0x0000000100000000)
  region size 1024K, 23 young (23552K), 2 survivors (2048K)
 Metaspace       used 124045K, capacity 127753K, committed 128108K, reserved 1161216K
  class space    used 15575K, capacity 16951K, committed 17088K, reserved 1048576K
}
Event: 1975.620 GC heap after
{Heap after GC invocations=46 (full 0):
 garbage-first heap   total 225280K, used 114274K [0x0000000080000000, 0x0000000100000000)
  region size 1024K, 5 young (5120K), 5 survivors (5120K)
 Metaspace       used 124045K, capacity 127753K, committed 128108K, reserved 1161216K
  class space    used 15575K, capacity 16951K, committed 17088K, reserved 1048576K
}
Event: 1976.586 GC heap before
{Heap before GC invocations=47 (full 0):
 garbage-first heap   total 225280K, used 162402K [0x0000000080000000, 0x0000000100000000)
  region size 1024K, 51 young (52224K), 5 survivors (5120K)
 Metaspace       used 124057K, capacity 127680K, committed 128108K, reserved 1161216K
  class space    used 15534K, capacity 16871K, committed 17088K, reserved 1048576K
}
Event: 1976.600 GC heap after
{Heap after GC invocations=48 (full 0):
 garbage-first heap   total 225280K, used 116161K [0x0000000080000000, 0x0000000100000000)
  region size 1024K, 3 young (3072K), 3 survivors (3072K)
 Metaspace       used 124057K, capacity 127680K, committed 128108K, reserved 1161216K
  class space    used 15534K, capacity 16871K, committed 17088K, reserved 1048576K
}
Event: 1976.833 GC heap before
{Heap before GC invocations=48 (full 0):
 garbage-first heap   total 225280K, used 123329K [0x0000000080000000, 0x0000000100000000)
  region size 1024K, 11 young (11264K), 3 survivors (3072K)
 Metaspace       used 124087K, capacity 127681K, committed 128108K, reserved 1161216K
  class space    used 15534K, capacity 16871K, committed 17088K, reserved 1048576K
}
Event: 1976.854 GC heap after
{Heap after GC invocations=49 (full 0):
 garbage-first heap   total 225280K, used 97895K [0x0000000080000000, 0x0000000100000000)
  region size 1024K, 1 young (1024K), 1 survivors (1024K)
 Metaspace       used 124087K, capacity 127681K, committed 128108K, reserved 1161216K
  class space    used 15534K, capacity 16871K, committed 17088K, reserved 1048576K
}
Event: 2199.757 GC heap before
{Heap before GC invocations=49 (full 0):
 garbage-first heap   total 225280K, used 116327K [0x0000000080000000, 0x0000000100000000)
  region size 1024K, 11 young (11264K), 1 survivors (1024K)
 Metaspace       used 124104K, capacity 127681K, committed 128108K, reserved 1161216K
  class space    used 15534K, capacity 16871K, committed 17088K, reserved 1048576K
}
Event: 2199.788 GC heap after
{Heap after GC invocations=50 (full 0):
 garbage-first heap   total 225280K, used 95290K [0x0000000080000000, 0x0000000100000000)
  region size 1024K, 1 young (1024K), 1 survivors (1024K)
 Metaspace       used 124104K, capacity 127681K, committed 128108K, reserved 1161216K
  class space    used 15534K, capacity 16871K, committed 17088K, reserved 1048576K
}
Event: 2694.803 GC heap before
{Heap before GC invocations=50 (full 0):
 garbage-first heap   total 225280K, used 155706K [0x0000000080000000, 0x0000000100000000)
  region size 1024K, 61 young (62464K), 1 survivors (1024K)
 Metaspace       used 124338K, capacity 127937K, committed 128364K, reserved 1161216K
  class space    used 15551K, capacity 16903K, committed 17088K, reserved 1048576K
}
Event: 2694.821 GC heap after
{Heap after GC invocations=51 (full 0):
 garbage-first heap   total 225280K, used 101018K [0x0000000080000000, 0x0000000100000000)
  region size 1024K, 6 young (6144K), 6 survivors (6144K)
 Metaspace       used 124338K, capacity 127937K, committed 128364K, reserved 1161216K
  class space    used 15551K, capacity 16903K, committed 17088K, reserved 1048576K
}
Event: 2696.916 GC heap before
{Heap before GC invocations=52 (full 0):
 garbage-first heap   total 225280K, used 172698K [0x0000000080000000, 0x0000000100000000)
  region size 1024K, 66 young (67584K), 6 survivors (6144K)
 Metaspace       used 124565K, capacity 128166K, committed 128364K, reserved 1161216K
  class space    used 15552K, capacity 16905K, committed 17088K, reserved 1048576K
}
Event: 2696.923 GC heap after
{Heap after GC invocations=53 (full 0):
 garbage-first heap   total 225280K, used 99225K [0x0000000080000000, 0x0000000100000000)
  region size 1024K, 1 young (1024K), 1 survivors (1024K)
 Metaspace       used 124565K, capacity 128166K, committed 128364K, reserved 1161216K
  class space    used 15552K, capacity 16905K, committed 17088K, reserved 1048576K
}
Event: 3055.886 GC heap before
{Heap before GC invocations=53 (full 0):
 garbage-first heap   total 225280K, used 109465K [0x0000000080000000, 0x0000000100000000)
  region size 1024K, 11 young (11264K), 1 survivors (1024K)
 Metaspace       used 124570K, capacity 128166K, committed 128364K, reserved 1161216K
  class space    used 15552K, capacity 16905K, committed 17088K, reserved 1048576K
}
Event: 3055.902 GC heap after
{Heap after GC invocations=54 (full 0):
 garbage-first heap   total 225280K, used 95988K [0x0000000080000000, 0x0000000100000000)
  region size 1024K, 1 young (1024K), 1 survivors (1024K)
 Metaspace       used 124570K, capacity 128166K, committed 128364K, reserved 1161216K
  class space    used 15552K, capacity 16905K, committed 17088K, reserved 1048576K
}

