# JRE version: OpenJDK Runtime Environment (11.0.12+7) (build 11.0.12+7-b1504.28-7817840)
# Java VM: OpenJDK 64-Bit Server VM (11.0.12+7-b1504.28-7817840, mixed mode, tiered, compressed oops, g1 gc, windows-amd64)
Heap:
 garbage-first heap   total 225280K, used 73712K [0x0000000080000000, 0x0000000100000000)
  region size 1024K, 7 young (7168K), 7 survivors (7168K)
 Metaspace       used 86851K, capacity 88967K, committed 89036K, reserved 1134592K
  class space    used 11387K, capacity 12229K, committed 12288K, reserved 1048576K
GC Heap History (20 events):
Event: 6.441 GC heap before
{Heap before GC invocations=10 (full 0):
 garbage-first heap   total 155648K, used 98975K [0x0000000080000000, 0x0000000100000000)
  region size 1024K, 78 young (79872K), 6 survivors (6144K)
 Metaspace       used 40829K, capacity 41789K, committed 41932K, reserved 1085440K
  class space    used 5220K, capacity 5578K, committed 5632K, reserved 1048576K
}
Event: 6.456 GC heap after
{Heap after GC invocations=11 (full 0):
 garbage-first heap   total 155648K, used 28545K [0x0000000080000000, 0x0000000100000000)
  region size 1024K, 10 young (10240K), 10 survivors (10240K)
 Metaspace       used 40829K, capacity 41789K, committed 41932K, reserved 1085440K
  class space    used 5220K, capacity 5578K, committed 5632K, reserved 1048576K
}
Event: 7.695 GC heap before
{Heap before GC invocations=11 (full 0):
 garbage-first heap   total 155648K, used 110465K [0x0000000080000000, 0x0000000100000000)
  region size 1024K, 90 young (92160K), 10 survivors (10240K)
 Metaspace       used 47606K, capacity 48685K, committed 48716K, reserved 1091584K
  class space    used 6126K, capacity 6526K, committed 6528K, reserved 1048576K
}
Event: 7.716 GC heap after
{Heap after GC invocations=12 (full 0):
 garbage-first heap   total 155648K, used 32573K [0x0000000080000000, 0x0000000100000000)
  region size 1024K, 10 young (10240K), 10 survivors (10240K)
 Metaspace       used 47606K, capacity 48685K, committed 48716K, reserved 1091584K
  class space    used 6126K, capacity 6526K, committed 6528K, reserved 1048576K
}
Event: 9.267 GC heap before
{Heap before GC invocations=12 (full 0):
 garbage-first heap   total 155648K, used 117565K [0x0000000080000000, 0x0000000100000000)
  region size 1024K, 89 young (91136K), 10 survivors (10240K)
 Metaspace       used 53628K, capacity 54953K, committed 55244K, reserved 1097728K
  class space    used 6856K, capacity 7362K, committed 7424K, reserved 1048576K
}
Event: 9.288 GC heap after
{Heap after GC invocations=13 (full 0):
 garbage-first heap   total 187392K, used 45968K [0x0000000080000000, 0x0000000100000000)
  region size 1024K, 12 young (12288K), 12 survivors (12288K)
 Metaspace       used 53628K, capacity 54953K, committed 55244K, reserved 1097728K
  class space    used 6856K, capacity 7362K, committed 7424K, reserved 1048576K
}
Event: 9.950 GC heap before
{Heap before GC invocations=13 (full 0):
 garbage-first heap   total 187392K, used 76688K [0x0000000080000000, 0x0000000100000000)
  region size 1024K, 43 young (44032K), 12 survivors (12288K)
 Metaspace       used 58666K, capacity 60112K, committed 60236K, reserved 1101824K
  class space    used 7488K, capacity 8055K, committed 8064K, reserved 1048576K
}
Event: 9.971 GC heap after
{Heap after GC invocations=14 (full 0):
 garbage-first heap   total 187392K, used 47959K [0x0000000080000000, 0x0000000100000000)
  region size 1024K, 2 young (2048K), 2 survivors (2048K)
 Metaspace       used 58666K, capacity 60112K, committed 60236K, reserved 1101824K
  class space    used 7488K, capacity 8055K, committed 8064K, reserved 1048576K
}
Event: 11.071 GC heap before
{Heap before GC invocations=15 (full 0):
 garbage-first heap   total 187392K, used 115543K [0x0000000080000000, 0x0000000100000000)
  region size 1024K, 68 young (69632K), 2 survivors (2048K)
 Metaspace       used 64898K, capacity 66467K, committed 66764K, reserved 1107968K
  class space    used 8260K, capacity 8839K, committed 8960K, reserved 1048576K
}
Event: 11.083 GC heap after
{Heap after GC invocations=16 (full 0):
 garbage-first heap   total 187392K, used 53267K [0x0000000080000000, 0x0000000100000000)
  region size 1024K, 8 young (8192K), 8 survivors (8192K)
 Metaspace       used 64898K, capacity 66467K, committed 66764K, reserved 1107968K
  class space    used 8260K, capacity 8839K, committed 8960K, reserved 1048576K
}
Event: 12.096 GC heap before
{Heap before GC invocations=17 (full 0):
 garbage-first heap   total 187392K, used 121875K [0x0000000080000000, 0x0000000100000000)
  region size 1024K, 75 young (76800K), 8 survivors (8192K)
 Metaspace       used 69486K, capacity 71018K, committed 71116K, reserved 1110016K
  class space    used 9060K, capacity 9648K, committed 9728K, reserved 1048576K
}
Event: 12.112 GC heap after
{Heap after GC invocations=18 (full 0):
 garbage-first heap   total 187392K, used 57452K [0x0000000080000000, 0x0000000100000000)
  region size 1024K, 5 young (5120K), 5 survivors (5120K)
 Metaspace       used 69486K, capacity 71018K, committed 71116K, reserved 1110016K
  class space    used 9060K, capacity 9648K, committed 9728K, reserved 1048576K
}
Event: 13.685 GC heap before
{Heap before GC invocations=18 (full 0):
 garbage-first heap   total 187392K, used 127084K [0x0000000080000000, 0x0000000100000000)
  region size 1024K, 73 young (74752K), 5 survivors (5120K)
 Metaspace       used 76702K, capacity 78431K, committed 78540K, reserved 1118208K
  class space    used 10076K, capacity 10740K, committed 10752K, reserved 1048576K
}
Event: 13.704 GC heap after
{Heap after GC invocations=19 (full 0):
 garbage-first heap   total 187392K, used 61804K [0x0000000080000000, 0x0000000100000000)
  region size 1024K, 10 young (10240K), 10 survivors (10240K)
 Metaspace       used 76702K, capacity 78431K, committed 78540K, reserved 1118208K
  class space    used 10076K, capacity 10740K, committed 10752K, reserved 1048576K
}
Event: 15.409 GC heap before
{Heap before GC invocations=19 (full 0):
 garbage-first heap   total 187392K, used 131436K [0x0000000080000000, 0x0000000100000000)
  region size 1024K, 79 young (80896K), 10 survivors (10240K)
 Metaspace       used 80933K, capacity 83010K, committed 83148K, reserved 1120256K
  class space    used 10696K, capacity 11495K, committed 11520K, reserved 1048576K
}
Event: 15.430 GC heap after
{Heap after GC invocations=20 (full 0):
 garbage-first heap   total 225280K, used 66418K [0x0000000080000000, 0x0000000100000000)
  region size 1024K, 9 young (9216K), 9 survivors (9216K)
 Metaspace       used 80933K, capacity 83010K, committed 83148K, reserved 1120256K
  class space    used 10696K, capacity 11495K, committed 11520K, reserved 1048576K
}
Event: 16.828 GC heap before
{Heap before GC invocations=20 (full 0):
 garbage-first heap   total 225280K, used 153458K [0x0000000080000000, 0x0000000100000000)
  region size 1024K, 95 young (97280K), 9 survivors (9216K)
 Metaspace       used 85031K, capacity 87185K, committed 87244K, reserved 1124352K
  class space    used 11131K, capacity 11997K, committed 12032K, reserved 1048576K
}
Event: 16.849 GC heap after
{Heap after GC invocations=21 (full 0):
 garbage-first heap   total 225280K, used 72645K [0x0000000080000000, 0x0000000100000000)
  region size 1024K, 11 young (11264K), 11 survivors (11264K)
 Metaspace       used 85031K, capacity 87185K, committed 87244K, reserved 1124352K
  class space    used 11131K, capacity 11997K, committed 12032K, reserved 1048576K
}
Event: 16.956 GC heap before
{Heap before GC invocations=21 (full 0):
 garbage-first heap   total 225280K, used 78789K [0x0000000080000000, 0x0000000100000000)
  region size 1024K, 19 young (19456K), 11 survivors (11264K)
 Metaspace       used 86851K, capacity 88967K, committed 89036K, reserved 1132544K
  class space    used 11387K, capacity 12229K, committed 12288K, reserved 1048576K
}
Event: 16.974 GC heap after
{Heap after GC invocations=22 (full 0):
 garbage-first heap   total 225280K, used 73712K [0x0000000080000000, 0x0000000100000000)
  region size 1024K, 7 young (7168K), 7 survivors (7168K)
 Metaspace       used 86851K, capacity 88967K, committed 89036K, reserved 1132544K
  class space    used 11387K, capacity 12229K, committed 12288K, reserved 1048576K
}

