# JRE version: OpenJDK Runtime Environment (11.0.12+7) (build 11.0.12+7-b1504.28-7817840)
# Java VM: OpenJDK 64-Bit Server VM (11.0.12+7-b1504.28-7817840, mixed mode, tiered, compressed oops, g1 gc, windows-amd64)
Heap:
 garbage-first heap   total 187392K, used 56423K [0x0000000080000000, 0x0000000100000000)
  region size 1024K, 13 young (13312K), 1 survivors (1024K)
 Metaspace       used 54462K, capacity 55784K, committed 55884K, reserved 1103872K
  class space    used 6973K, capacity 7489K, committed 7552K, reserved 1048576K
GC Heap History (20 events):
Event: 0.961 GC heap before
{Heap before GC invocations=0 (full 0):
 garbage-first heap   total 129024K, used 20480K [0x0000000080000000, 0x0000000100000000)
  region size 1024K, 14 young (14336K), 0 survivors (0K)
 Metaspace       used 6735K, capacity 6925K, committed 7168K, reserved 1056768K
  class space    used 582K, capacity 650K, committed 768K, reserved 1048576K
}
Event: 0.975 GC heap after
{Heap after GC invocations=1 (full 0):
 garbage-first heap   total 129024K, used 7626K [0x0000000080000000, 0x0000000100000000)
  region size 1024K, 2 young (2048K), 2 survivors (2048K)
 Metaspace       used 6735K, capacity 6925K, committed 7168K, reserved 1056768K
  class space    used 582K, capacity 650K, committed 768K, reserved 1048576K
}
Event: 1.276 GC heap before
{Heap before GC invocations=1 (full 0):
 garbage-first heap   total 129024K, used 18890K [0x0000000080000000, 0x0000000100000000)
  region size 1024K, 13 young (13312K), 2 survivors (2048K)
 Metaspace       used 9863K, capacity 10118K, committed 10368K, reserved 1058816K
  class space    used 1027K, capacity 1102K, committed 1152K, reserved 1048576K
}
Event: 1.280 GC heap after
{Heap after GC invocations=2 (full 0):
 garbage-first heap   total 129024K, used 9581K [0x0000000080000000, 0x0000000100000000)
  region size 1024K, 2 young (2048K), 2 survivors (2048K)
 Metaspace       used 9863K, capacity 10118K, committed 10368K, reserved 1058816K
  class space    used 1027K, capacity 1102K, committed 1152K, reserved 1048576K
}
Event: 1.773 GC heap before
{Heap before GC invocations=2 (full 0):
 garbage-first heap   total 129024K, used 39277K [0x0000000080000000, 0x0000000100000000)
  region size 1024K, 30 young (30720K), 2 survivors (2048K)
 Metaspace       used 10828K, capacity 11009K, committed 11264K, reserved 1058816K
  class space    used 1130K, capacity 1207K, committed 1280K, reserved 1048576K
}
Event: 1.777 GC heap after
{Heap after GC invocations=3 (full 0):
 garbage-first heap   total 129024K, used 11575K [0x0000000080000000, 0x0000000100000000)
  region size 1024K, 3 young (3072K), 3 survivors (3072K)
 Metaspace       used 10828K, capacity 11009K, committed 11264K, reserved 1058816K
  class space    used 1130K, capacity 1207K, committed 1280K, reserved 1048576K
}
Event: 3.262 GC heap before
{Heap before GC invocations=3 (full 0):
 garbage-first heap   total 129024K, used 53559K [0x0000000080000000, 0x0000000100000000)
  region size 1024K, 45 young (46080K), 3 survivors (3072K)
 Metaspace       used 17571K, capacity 17971K, committed 18176K, reserved 1064960K
  class space    used 2076K, capacity 2209K, committed 2304K, reserved 1048576K
}
Event: 3.270 GC heap after
{Heap after GC invocations=4 (full 0):
 garbage-first heap   total 129024K, used 16097K [0x0000000080000000, 0x0000000100000000)
  region size 1024K, 6 young (6144K), 6 survivors (6144K)
 Metaspace       used 17571K, capacity 17971K, committed 18176K, reserved 1064960K
  class space    used 2076K, capacity 2209K, committed 2304K, reserved 1048576K
}
Event: 3.587 GC heap before
{Heap before GC invocations=4 (full 0):
 garbage-first heap   total 129024K, used 44769K [0x0000000080000000, 0x0000000100000000)
  region size 1024K, 35 young (35840K), 6 survivors (6144K)
 Metaspace       used 20706K, capacity 21135K, committed 21248K, reserved 1067008K
  class space    used 2545K, capacity 2710K, committed 2816K, reserved 1048576K
}
Event: 3.596 GC heap after
{Heap after GC invocations=5 (full 0):
 garbage-first heap   total 129024K, used 17238K [0x0000000080000000, 0x0000000100000000)
  region size 1024K, 2 young (2048K), 2 survivors (2048K)
 Metaspace       used 20706K, capacity 21135K, committed 21248K, reserved 1067008K
  class space    used 2545K, capacity 2710K, committed 2816K, reserved 1048576K
}
Event: 4.446 GC heap before
{Heap before GC invocations=6 (full 0):
 garbage-first heap   total 129024K, used 66390K [0x0000000080000000, 0x0000000100000000)
  region size 1024K, 50 young (51200K), 2 survivors (2048K)
 Metaspace       used 25789K, capacity 26387K, committed 26624K, reserved 1073152K
  class space    used 3337K, capacity 3551K, committed 3584K, reserved 1048576K
}
Event: 4.455 GC heap after
{Heap after GC invocations=7 (full 0):
 garbage-first heap   total 155648K, used 19021K [0x0000000080000000, 0x0000000100000000)
  region size 1024K, 3 young (3072K), 3 survivors (3072K)
 Metaspace       used 25789K, capacity 26387K, committed 26624K, reserved 1073152K
  class space    used 3337K, capacity 3551K, committed 3584K, reserved 1048576K
}
Event: 5.893 GC heap before
{Heap before GC invocations=7 (full 0):
 garbage-first heap   total 155648K, used 82509K [0x0000000080000000, 0x0000000100000000)
  region size 1024K, 66 young (67584K), 3 survivors (3072K)
 Metaspace       used 34927K, capacity 35786K, committed 35840K, reserved 1081344K
  class space    used 4532K, capacity 4839K, committed 4864K, reserved 1048576K
}
Event: 5.908 GC heap after
{Heap after GC invocations=8 (full 0):
 garbage-first heap   total 155648K, used 22220K [0x0000000080000000, 0x0000000100000000)
  region size 1024K, 6 young (6144K), 6 survivors (6144K)
 Metaspace       used 34927K, capacity 35786K, committed 35840K, reserved 1081344K
  class space    used 4532K, capacity 4839K, committed 4864K, reserved 1048576K
}
Event: 7.603 GC heap before
{Heap before GC invocations=9 (full 0):
 garbage-first heap   total 155648K, used 96972K [0x0000000080000000, 0x0000000100000000)
  region size 1024K, 77 young (78848K), 6 survivors (6144K)
 Metaspace       used 40806K, capacity 41790K, committed 41932K, reserved 1085440K
  class space    used 5215K, capacity 5578K, committed 5632K, reserved 1048576K
}
Event: 7.619 GC heap after
{Heap after GC invocations=10 (full 0):
 garbage-first heap   total 155648K, used 27975K [0x0000000080000000, 0x0000000100000000)
  region size 1024K, 9 young (9216K), 9 survivors (9216K)
 Metaspace       used 40806K, capacity 41790K, committed 41932K, reserved 1085440K
  class space    used 5215K, capacity 5578K, committed 5632K, reserved 1048576K
}
Event: 8.638 GC heap before
{Heap before GC invocations=10 (full 0):
 garbage-first heap   total 155648K, used 104775K [0x0000000080000000, 0x0000000100000000)
  region size 1024K, 83 young (84992K), 9 survivors (9216K)
 Metaspace       used 47309K, capacity 48461K, committed 48716K, reserved 1091584K
  class space    used 6102K, capacity 6516K, committed 6528K, reserved 1048576K
}
Event: 8.654 GC heap after
{Heap after GC invocations=11 (full 0):
 garbage-first heap   total 155648K, used 30764K [0x0000000080000000, 0x0000000100000000)
  region size 1024K, 9 young (9216K), 9 survivors (9216K)
 Metaspace       used 47309K, capacity 48461K, committed 48716K, reserved 1091584K
  class space    used 6102K, capacity 6516K, committed 6528K, reserved 1048576K
}
Event: 10.455 GC heap before
{Heap before GC invocations=11 (full 0):
 garbage-first heap   total 155648K, used 112684K [0x0000000080000000, 0x0000000100000000)
  region size 1024K, 86 young (88064K), 9 survivors (9216K)
 Metaspace       used 52838K, capacity 54087K, committed 54348K, reserved 1095680K
  class space    used 6743K, capacity 7222K, committed 7296K, reserved 1048576K
}
Event: 10.475 GC heap after
{Heap after GC invocations=12 (full 0):
 garbage-first heap   total 187392K, used 44645K [0x0000000080000000, 0x0000000100000000)
  region size 1024K, 11 young (11264K), 11 survivors (11264K)
 Metaspace       used 52838K, capacity 54087K, committed 54348K, reserved 1095680K
  class space    used 6743K, capacity 7222K, committed 7296K, reserved 1048576K
}

