# JRE version: OpenJDK Runtime Environment (11.0.12+7) (build 11.0.12+7-b1504.28-7817840)
# Java VM: OpenJDK 64-Bit Server VM (11.0.12+7-b1504.28-7817840, mixed mode, tiered, compressed oops, g1 gc, windows-amd64)
Heap:
 garbage-first heap   total 187392K, used 47444K [0x0000000080000000, 0x0000000100000000)
  region size 1024K, 3 young (3072K), 3 survivors (3072K)
 Metaspace       used 58728K, capacity 60163K, committed 60236K, reserved 1101824K
  class space    used 7484K, capacity 8051K, committed 8064K, reserved 1048576K
GC Heap History (20 events):
Event: 2.630 GC heap after
{Heap after GC invocations=3 (full 0):
 garbage-first heap   total 129024K, used 11733K [0x0000000080000000, 0x0000000100000000)
  region size 1024K, 4 young (4096K), 4 survivors (4096K)
 Metaspace       used 10901K, capacity 11133K, committed 11264K, reserved 1058816K
  class space    used 1130K, capacity 1207K, committed 1280K, reserved 1048576K
}
Event: 6.868 GC heap before
{Heap before GC invocations=3 (full 0):
 garbage-first heap   total 129024K, used 61909K [0x0000000080000000, 0x0000000100000000)
  region size 1024K, 53 young (54272K), 4 survivors (4096K)
 Metaspace       used 18832K, capacity 19167K, committed 19328K, reserved 1067008K
  class space    used 2263K, capacity 2375K, committed 2432K, reserved 1048576K
}
Event: 6.886 GC heap after
{Heap after GC invocations=4 (full 0):
 garbage-first heap   total 129024K, used 16574K [0x0000000080000000, 0x0000000100000000)
  region size 1024K, 7 young (7168K), 7 survivors (7168K)
 Metaspace       used 18832K, capacity 19167K, committed 19328K, reserved 1067008K
  class space    used 2263K, capacity 2375K, committed 2432K, reserved 1048576K
}
Event: 7.222 GC heap before
{Heap before GC invocations=4 (full 0):
 garbage-first heap   total 129024K, used 36030K [0x0000000080000000, 0x0000000100000000)
  region size 1024K, 27 young (27648K), 7 survivors (7168K)
 Metaspace       used 20761K, capacity 21134K, committed 21248K, reserved 1067008K
  class space    used 2549K, capacity 2711K, committed 2816K, reserved 1048576K
}
Event: 7.237 GC heap after
{Heap after GC invocations=5 (full 0):
 garbage-first heap   total 129024K, used 17700K [0x0000000080000000, 0x0000000100000000)
  region size 1024K, 1 young (1024K), 1 survivors (1024K)
 Metaspace       used 20761K, capacity 21134K, committed 21248K, reserved 1067008K
  class space    used 2549K, capacity 2711K, committed 2816K, reserved 1048576K
}
Event: 8.039 GC heap before
{Heap before GC invocations=6 (full 0):
 garbage-first heap   total 129024K, used 66852K [0x0000000080000000, 0x0000000100000000)
  region size 1024K, 49 young (50176K), 1 survivors (1024K)
 Metaspace       used 25744K, capacity 26287K, committed 26368K, reserved 1073152K
  class space    used 3327K, capacity 3519K, committed 3584K, reserved 1048576K
}
Event: 8.045 GC heap after
{Heap after GC invocations=7 (full 0):
 garbage-first heap   total 155648K, used 19306K [0x0000000080000000, 0x0000000100000000)
  region size 1024K, 3 young (3072K), 3 survivors (3072K)
 Metaspace       used 25744K, capacity 26287K, committed 26368K, reserved 1073152K
  class space    used 3327K, capacity 3519K, committed 3584K, reserved 1048576K
}
Event: 9.047 GC heap before
{Heap before GC invocations=7 (full 0):
 garbage-first heap   total 155648K, used 78698K [0x0000000080000000, 0x0000000100000000)
  region size 1024K, 61 young (62464K), 3 survivors (3072K)
 Metaspace       used 32059K, capacity 32842K, committed 33024K, reserved 1077248K
  class space    used 4279K, capacity 4562K, committed 4608K, reserved 1048576K
}
Event: 9.055 GC heap after
{Heap after GC invocations=8 (full 0):
 garbage-first heap   total 155648K, used 21515K [0x0000000080000000, 0x0000000100000000)
  region size 1024K, 5 young (5120K), 5 survivors (5120K)
 Metaspace       used 32059K, capacity 32842K, committed 33024K, reserved 1077248K
  class space    used 4279K, capacity 4562K, committed 4608K, reserved 1048576K
}
Event: 9.285 GC heap before
{Heap before GC invocations=8 (full 0):
 garbage-first heap   total 155648K, used 26635K [0x0000000080000000, 0x0000000100000000)
  region size 1024K, 11 young (11264K), 5 survivors (5120K)
 Metaspace       used 34956K, capacity 35782K, committed 35840K, reserved 1081344K
  class space    used 4532K, capacity 4839K, committed 4864K, reserved 1048576K
}
Event: 9.298 GC heap after
{Heap after GC invocations=9 (full 0):
 garbage-first heap   total 155648K, used 22858K [0x0000000080000000, 0x0000000100000000)
  region size 1024K, 6 young (6144K), 6 survivors (6144K)
 Metaspace       used 34956K, capacity 35782K, committed 35840K, reserved 1081344K
  class space    used 4532K, capacity 4839K, committed 4864K, reserved 1048576K
}
Event: 10.235 GC heap before
{Heap before GC invocations=10 (full 0):
 garbage-first heap   total 155648K, used 87370K [0x0000000080000000, 0x0000000100000000)
  region size 1024K, 67 young (68608K), 6 survivors (6144K)
 Metaspace       used 39856K, capacity 40774K, committed 41036K, reserved 1085440K
  class space    used 5099K, capacity 5433K, committed 5504K, reserved 1048576K
}
Event: 10.250 GC heap after
{Heap after GC invocations=11 (full 0):
 garbage-first heap   total 155648K, used 28094K [0x0000000080000000, 0x0000000100000000)
  region size 1024K, 9 young (9216K), 9 survivors (9216K)
 Metaspace       used 39856K, capacity 40774K, committed 41036K, reserved 1085440K
  class space    used 5099K, capacity 5433K, committed 5504K, reserved 1048576K
}
Event: 11.132 GC heap before
{Heap before GC invocations=11 (full 0):
 garbage-first heap   total 155648K, used 92606K [0x0000000080000000, 0x0000000100000000)
  region size 1024K, 72 young (73728K), 9 survivors (9216K)
 Metaspace       used 45604K, capacity 46659K, committed 46796K, reserved 1089536K
  class space    used 5865K, capacity 6278K, committed 6400K, reserved 1048576K
}
Event: 11.157 GC heap after
{Heap after GC invocations=12 (full 0):
 garbage-first heap   total 155648K, used 30155K [0x0000000080000000, 0x0000000100000000)
  region size 1024K, 3 young (3072K), 3 survivors (3072K)
 Metaspace       used 45604K, capacity 46659K, committed 46796K, reserved 1089536K
  class space    used 5865K, capacity 6278K, committed 6400K, reserved 1048576K
}
Event: 13.116 GC heap before
{Heap before GC invocations=12 (full 0):
 garbage-first heap   total 155648K, used 109003K [0x0000000080000000, 0x0000000100000000)
  region size 1024K, 76 young (77824K), 3 survivors (3072K)
 Metaspace       used 49159K, capacity 50400K, committed 50508K, reserved 1093632K
  class space    used 6292K, capacity 6762K, committed 6784K, reserved 1048576K
}
Event: 13.129 GC heap after
{Heap after GC invocations=13 (full 0):
 garbage-first heap   total 155648K, used 44953K [0x0000000080000000, 0x0000000100000000)
  region size 1024K, 10 young (10240K), 10 survivors (10240K)
 Metaspace       used 49159K, capacity 50400K, committed 50508K, reserved 1093632K
  class space    used 6292K, capacity 6762K, committed 6784K, reserved 1048576K
}
Event: 14.382 GC heap before
{Heap before GC invocations=13 (full 0):
 garbage-first heap   total 155648K, used 106393K [0x0000000080000000, 0x0000000100000000)
  region size 1024K, 70 young (71680K), 10 survivors (10240K)
 Metaspace       used 57636K, capacity 59044K, committed 59340K, reserved 1101824K
  class space    used 7341K, capacity 7890K, committed 7936K, reserved 1048576K
}
Event: 14.397 GC heap after
{Heap after GC invocations=14 (full 0):
 garbage-first heap   total 155648K, used 47463K [0x0000000080000000, 0x0000000100000000)
  region size 1024K, 3 young (3072K), 3 survivors (3072K)
 Metaspace       used 57636K, capacity 59044K, committed 59340K, reserved 1101824K
  class space    used 7341K, capacity 7890K, committed 7936K, reserved 1048576K
}
Event: 14.507 GC heap before
{Heap before GC invocations=14 (full 0):
 garbage-first heap   total 155648K, used 51559K [0x0000000080000000, 0x0000000100000000)
  region size 1024K, 8 young (8192K), 3 survivors (3072K)
 Metaspace       used 58728K, capacity 60163K, committed 60236K, reserved 1101824K
  class space    used 7484K, capacity 8051K, committed 8064K, reserved 1048576K
}

