# JRE version: OpenJDK Runtime Environment (11.0.12+7) (build 11.0.12+7-b1504.28-7817840)
# Java VM: OpenJDK 64-Bit Server VM (11.0.12+7-b1504.28-7817840, mixed mode, tiered, compressed oops, g1 gc, windows-amd64)
Heap:
 garbage-first heap   total 402432K, used 310164K [0x0000000080000000, 0x0000000100000000)
  region size 1024K, 115 young (117760K), 2 survivors (2048K)
 Metaspace       used 227430K, capacity 232973K, committed 233292K, reserved 1251328K
  class space    used 28327K, capacity 30440K, committed 30540K, reserved 1048576K
GC Heap History (20 events):
Event: 3432.727 GC heap before
{Heap before GC invocations=132 (full 0):
 garbage-first heap   total 402432K, used 264031K [0x0000000080000000, 0x0000000100000000)
  region size 1024K, 87 young (89088K), 3 survivors (3072K)
 Metaspace       used 223102K, capacity 228439K, committed 228684K, reserved 1247232K
  class space    used 27925K, capacity 29938K, committed 30028K, reserved 1048576K
}
Event: 3432.760 GC heap after
{Heap after GC invocations=133 (full 0):
 garbage-first heap   total 402432K, used 184586K [0x0000000080000000, 0x0000000100000000)
  region size 1024K, 10 young (10240K), 10 survivors (10240K)
 Metaspace       used 223102K, capacity 228439K, committed 228684K, reserved 1247232K
  class space    used 27925K, capacity 29938K, committed 30028K, reserved 1048576K
}
Event: 3434.493 GC heap before
{Heap before GC invocations=133 (full 0):
 garbage-first heap   total 402432K, used 274698K [0x0000000080000000, 0x0000000100000000)
  region size 1024K, 98 young (100352K), 10 survivors (10240K)
 Metaspace       used 224635K, capacity 230049K, committed 230348K, reserved 1249280K
  class space    used 28059K, capacity 30101K, committed 30156K, reserved 1048576K
}
Event: 3434.519 GC heap after
{Heap after GC invocations=134 (full 0):
 garbage-first heap   total 402432K, used 184898K [0x0000000080000000, 0x0000000100000000)
  region size 1024K, 2 young (2048K), 2 survivors (2048K)
 Metaspace       used 224635K, capacity 230049K, committed 230348K, reserved 1249280K
  class space    used 28059K, capacity 30101K, committed 30156K, reserved 1048576K
}
Event: 3436.662 GC heap before
{Heap before GC invocations=135 (full 0):
 garbage-first heap   total 402432K, used 282178K [0x0000000080000000, 0x0000000100000000)
  region size 1024K, 97 young (99328K), 2 survivors (2048K)
 Metaspace       used 225740K, capacity 231297K, committed 231628K, reserved 1251328K
  class space    used 28212K, capacity 30321K, committed 30412K, reserved 1048576K
}
Event: 3436.672 GC heap after
{Heap after GC invocations=136 (full 0):
 garbage-first heap   total 402432K, used 185251K [0x0000000080000000, 0x0000000100000000)
  region size 1024K, 2 young (2048K), 2 survivors (2048K)
 Metaspace       used 225740K, capacity 231297K, committed 231628K, reserved 1251328K
  class space    used 28212K, capacity 30321K, committed 30412K, reserved 1048576K
}
Event: 3437.732 GC heap before
{Heap before GC invocations=136 (full 0):
 garbage-first heap   total 402432K, used 290723K [0x0000000080000000, 0x0000000100000000)
  region size 1024K, 105 young (107520K), 2 survivors (2048K)
 Metaspace       used 225800K, capacity 231372K, committed 231628K, reserved 1251328K
  class space    used 28213K, capacity 30323K, committed 30412K, reserved 1048576K
}
Event: 3437.744 GC heap after
{Heap after GC invocations=137 (full 0):
 garbage-first heap   total 402432K, used 185429K [0x0000000080000000, 0x0000000100000000)
  region size 1024K, 2 young (2048K), 2 survivors (2048K)
 Metaspace       used 225800K, capacity 231372K, committed 231628K, reserved 1251328K
  class space    used 28213K, capacity 30323K, committed 30412K, reserved 1048576K
}
Event: 3439.574 GC heap before
{Heap before GC invocations=138 (full 0):
 garbage-first heap   total 402432K, used 299093K [0x0000000080000000, 0x0000000100000000)
  region size 1024K, 113 young (115712K), 2 survivors (2048K)
 Metaspace       used 225858K, capacity 231388K, committed 231628K, reserved 1251328K
  class space    used 28182K, capacity 30269K, committed 30412K, reserved 1048576K
}
Event: 3439.593 GC heap after
{Heap after GC invocations=139 (full 0):
 garbage-first heap   total 402432K, used 185703K [0x0000000080000000, 0x0000000100000000)
  region size 1024K, 3 young (3072K), 3 survivors (3072K)
 Metaspace       used 225858K, capacity 231388K, committed 231628K, reserved 1251328K
  class space    used 28182K, capacity 30269K, committed 30412K, reserved 1048576K
}
Event: 3439.749 GC heap before
{Heap before GC invocations=139 (full 0):
 garbage-first heap   total 402432K, used 202087K [0x0000000080000000, 0x0000000100000000)
  region size 1024K, 19 young (19456K), 3 survivors (3072K)
 Metaspace       used 225867K, capacity 231388K, committed 231628K, reserved 1251328K
  class space    used 28182K, capacity 30269K, committed 30412K, reserved 1048576K
}
Event: 3439.757 GC heap after
{Heap after GC invocations=140 (full 0):
 garbage-first heap   total 402432K, used 184558K [0x0000000080000000, 0x0000000100000000)
  region size 1024K, 2 young (2048K), 2 survivors (2048K)
 Metaspace       used 225867K, capacity 231388K, committed 231628K, reserved 1251328K
  class space    used 28182K, capacity 30269K, committed 30412K, reserved 1048576K
}
Event: 3440.500 GC heap before
{Heap before GC invocations=140 (full 0):
 garbage-first heap   total 402432K, used 302318K [0x0000000080000000, 0x0000000100000000)
  region size 1024K, 117 young (119808K), 2 survivors (2048K)
 Metaspace       used 225900K, capacity 231391K, committed 231628K, reserved 1251328K
  class space    used 28184K, capacity 30270K, committed 30412K, reserved 1048576K
}
Event: 3440.510 GC heap after
{Heap after GC invocations=141 (full 0):
 garbage-first heap   total 402432K, used 185719K [0x0000000080000000, 0x0000000100000000)
  region size 1024K, 3 young (3072K), 3 survivors (3072K)
 Metaspace       used 225900K, capacity 231391K, committed 231628K, reserved 1251328K
  class space    used 28184K, capacity 30270K, committed 30412K, reserved 1048576K
}
Event: 3442.108 GC heap before
{Heap before GC invocations=142 (full 0):
 garbage-first heap   total 402432K, used 320887K [0x0000000080000000, 0x0000000100000000)
  region size 1024K, 134 young (137216K), 3 survivors (3072K)
 Metaspace       used 226102K, capacity 231591K, committed 231884K, reserved 1251328K
  class space    used 28187K, capacity 30273K, committed 30412K, reserved 1048576K
}
Event: 3442.118 GC heap after
{Heap after GC invocations=143 (full 0):
 garbage-first heap   total 402432K, used 184916K [0x0000000080000000, 0x0000000100000000)
  region size 1024K, 2 young (2048K), 2 survivors (2048K)
 Metaspace       used 226102K, capacity 231591K, committed 231884K, reserved 1251328K
  class space    used 28187K, capacity 30273K, committed 30412K, reserved 1048576K
}
Event: 3442.519 GC heap before
{Heap before GC invocations=143 (full 0):
 garbage-first heap   total 402432K, used 203348K [0x0000000080000000, 0x0000000100000000)
  region size 1024K, 19 young (19456K), 2 survivors (2048K)
 Metaspace       used 226332K, capacity 231819K, committed 232140K, reserved 1251328K
  class space    used 28206K, capacity 30278K, committed 30412K, reserved 1048576K
}
Event: 3442.528 GC heap after
{Heap after GC invocations=144 (full 0):
 garbage-first heap   total 402432K, used 180084K [0x0000000080000000, 0x0000000100000000)
  region size 1024K, 2 young (2048K), 2 survivors (2048K)
 Metaspace       used 226332K, capacity 231819K, committed 232140K, reserved 1251328K
  class space    used 28206K, capacity 30278K, committed 30412K, reserved 1048576K
}
Event: 3442.557 GC heap before
{Heap before GC invocations=144 (full 0):
 garbage-first heap   total 402432K, used 180084K [0x0000000080000000, 0x0000000100000000)
  region size 1024K, 3 young (3072K), 2 survivors (2048K)
 Metaspace       used 226354K, capacity 231819K, committed 232140K, reserved 1251328K
  class space    used 28208K, capacity 30278K, committed 30412K, reserved 1048576K
}
Event: 3442.564 GC heap after
{Heap after GC invocations=145 (full 0):
 garbage-first heap   total 402432K, used 180116K [0x0000000080000000, 0x0000000100000000)
  region size 1024K, 2 young (2048K), 2 survivors (2048K)
 Metaspace       used 226354K, capacity 231819K, committed 232140K, reserved 1251328K
  class space    used 28208K, capacity 30278K, committed 30412K, reserved 1048576K
}

