# JRE version: OpenJDK Runtime Environment (11.0.12+7) (build 11.0.12+7-b1504.28-7817840)
# Java VM: OpenJDK 64-Bit Server VM (11.0.12+7-b1504.28-7817840, mixed mode, tiered, compressed oops, g1 gc, windows-amd64)
Heap:
 garbage-first heap   total 458752K, used 211894K [0x0000000080000000, 0x0000000100000000)
  region size 1024K, 10 young (10240K), 10 survivors (10240K)
 Metaspace       used 124039K, capacity 127378K, committed 128024K, reserved 1161216K
  class space    used 15498K, capacity 16799K, committed 16972K, reserved 1048576K
GC Heap History (20 events):
Event: 4957.362 GC heap after
{Heap after GC invocations=74 (full 0):
 garbage-first heap   total 390144K, used 202495K [0x0000000080000000, 0x0000000100000000)
  region size 1024K, 10 young (10240K), 10 survivors (10240K)
 Metaspace       used 123829K, capacity 127132K, committed 127768K, reserved 1161216K
  class space    used 15476K, capacity 16743K, committed 16972K, reserved 1048576K
}
Event: 4957.791 GC heap before
{Heap before GC invocations=74 (full 0):
 garbage-first heap   total 390144K, used 332543K [0x0000000080000000, 0x0000000100000000)
  region size 1024K, 137 young (140288K), 10 survivors (10240K)
 Metaspace       used 123835K, capacity 127132K, committed 127768K, reserved 1161216K
  class space    used 15476K, capacity 16743K, committed 16972K, reserved 1048576K
}
Event: 4957.813 GC heap after
{Heap after GC invocations=75 (full 0):
 garbage-first heap   total 390144K, used 203885K [0x0000000080000000, 0x0000000100000000)
  region size 1024K, 10 young (10240K), 10 survivors (10240K)
 Metaspace       used 123835K, capacity 127132K, committed 127768K, reserved 1161216K
  class space    used 15476K, capacity 16743K, committed 16972K, reserved 1048576K
}
Event: 4958.279 GC heap before
{Heap before GC invocations=75 (full 0):
 garbage-first heap   total 390144K, used 334957K [0x0000000080000000, 0x0000000100000000)
  region size 1024K, 138 young (141312K), 10 survivors (10240K)
 Metaspace       used 123913K, capacity 127255K, committed 128024K, reserved 1161216K
  class space    used 15490K, capacity 16785K, committed 16972K, reserved 1048576K
}
Event: 4958.298 GC heap after
{Heap after GC invocations=76 (full 0):
 garbage-first heap   total 390144K, used 204442K [0x0000000080000000, 0x0000000100000000)
  region size 1024K, 11 young (11264K), 11 survivors (11264K)
 Metaspace       used 123913K, capacity 127255K, committed 128024K, reserved 1161216K
  class space    used 15490K, capacity 16785K, committed 16972K, reserved 1048576K
}
Event: 4958.823 GC heap before
{Heap before GC invocations=76 (full 0):
 garbage-first heap   total 390144K, used 336538K [0x0000000080000000, 0x0000000100000000)
  region size 1024K, 140 young (143360K), 11 survivors (11264K)
 Metaspace       used 123924K, capacity 127255K, committed 128024K, reserved 1161216K
  class space    used 15490K, capacity 16785K, committed 16972K, reserved 1048576K
}
Event: 4958.847 GC heap after
{Heap after GC invocations=77 (full 0):
 garbage-first heap   total 390144K, used 206871K [0x0000000080000000, 0x0000000100000000)
  region size 1024K, 11 young (11264K), 11 survivors (11264K)
 Metaspace       used 123924K, capacity 127255K, committed 128024K, reserved 1161216K
  class space    used 15490K, capacity 16785K, committed 16972K, reserved 1048576K
}
Event: 4959.359 GC heap before
{Heap before GC invocations=77 (full 0):
 garbage-first heap   total 390144K, used 337943K [0x0000000080000000, 0x0000000100000000)
  region size 1024K, 139 young (142336K), 11 survivors (11264K)
 Metaspace       used 123930K, capacity 127255K, committed 128024K, reserved 1161216K
  class space    used 15490K, capacity 16785K, committed 16972K, reserved 1048576K
}
Event: 4959.382 GC heap after
{Heap after GC invocations=78 (full 0):
 garbage-first heap   total 390144K, used 207291K [0x0000000080000000, 0x0000000100000000)
  region size 1024K, 10 young (10240K), 10 survivors (10240K)
 Metaspace       used 123930K, capacity 127255K, committed 128024K, reserved 1161216K
  class space    used 15490K, capacity 16785K, committed 16972K, reserved 1048576K
}
Event: 4959.927 GC heap before
{Heap before GC invocations=78 (full 0):
 garbage-first heap   total 390144K, used 340411K [0x0000000080000000, 0x0000000100000000)
  region size 1024K, 139 young (142336K), 10 survivors (10240K)
 Metaspace       used 123972K, capacity 127354K, committed 128024K, reserved 1161216K
  class space    used 15496K, capacity 16795K, committed 16972K, reserved 1048576K
}
Event: 4959.948 GC heap after
{Heap after GC invocations=79 (full 0):
 garbage-first heap   total 390144K, used 209435K [0x0000000080000000, 0x0000000100000000)
  region size 1024K, 11 young (11264K), 11 survivors (11264K)
 Metaspace       used 123972K, capacity 127354K, committed 128024K, reserved 1161216K
  class space    used 15496K, capacity 16795K, committed 16972K, reserved 1048576K
}
Event: 4960.394 GC heap before
{Heap before GC invocations=79 (full 0):
 garbage-first heap   total 390144K, used 338459K [0x0000000080000000, 0x0000000100000000)
  region size 1024K, 137 young (140288K), 11 survivors (11264K)
 Metaspace       used 123976K, capacity 127354K, committed 128024K, reserved 1161216K
  class space    used 15496K, capacity 16795K, committed 16972K, reserved 1048576K
}
Event: 4960.414 GC heap after
{Heap after GC invocations=80 (full 0):
 garbage-first heap   total 390144K, used 208765K [0x0000000080000000, 0x0000000100000000)
  region size 1024K, 10 young (10240K), 10 survivors (10240K)
 Metaspace       used 123976K, capacity 127354K, committed 128024K, reserved 1161216K
  class space    used 15496K, capacity 16795K, committed 16972K, reserved 1048576K
}
Event: 4960.875 GC heap before
{Heap before GC invocations=80 (full 0):
 garbage-first heap   total 390144K, used 339837K [0x0000000080000000, 0x0000000100000000)
  region size 1024K, 138 young (141312K), 10 survivors (10240K)
 Metaspace       used 123978K, capacity 127355K, committed 128024K, reserved 1161216K
  class space    used 15496K, capacity 16795K, committed 16972K, reserved 1048576K
}
Event: 4960.896 GC heap after
{Heap after GC invocations=81 (full 0):
 garbage-first heap   total 390144K, used 209697K [0x0000000080000000, 0x0000000100000000)
  region size 1024K, 10 young (10240K), 10 survivors (10240K)
 Metaspace       used 123978K, capacity 127355K, committed 128024K, reserved 1161216K
  class space    used 15496K, capacity 16795K, committed 16972K, reserved 1048576K
}
Event: 4961.464 GC heap before
{Heap before GC invocations=81 (full 0):
 garbage-first heap   total 390144K, used 340769K [0x0000000080000000, 0x0000000100000000)
  region size 1024K, 137 young (140288K), 10 survivors (10240K)
 Metaspace       used 124033K, capacity 127378K, committed 128024K, reserved 1161216K
  class space    used 15498K, capacity 16799K, committed 16972K, reserved 1048576K
}
Event: 4961.487 GC heap after
{Heap after GC invocations=82 (full 0):
 garbage-first heap   total 390144K, used 210128K [0x0000000080000000, 0x0000000100000000)
  region size 1024K, 10 young (10240K), 10 survivors (10240K)
 Metaspace       used 124033K, capacity 127378K, committed 128024K, reserved 1161216K
  class space    used 15498K, capacity 16799K, committed 16972K, reserved 1048576K
}
Event: 4961.974 GC heap before
{Heap before GC invocations=82 (full 0):
 garbage-first heap   total 390144K, used 338128K [0x0000000080000000, 0x0000000100000000)
  region size 1024K, 136 young (139264K), 10 survivors (10240K)
 Metaspace       used 124038K, capacity 127378K, committed 128024K, reserved 1161216K
  class space    used 15498K, capacity 16799K, committed 16972K, reserved 1048576K
}
Event: 4961.994 GC heap after
{Heap after GC invocations=83 (full 0):
 garbage-first heap   total 390144K, used 210530K [0x0000000080000000, 0x0000000100000000)
  region size 1024K, 10 young (10240K), 10 survivors (10240K)
 Metaspace       used 124038K, capacity 127378K, committed 128024K, reserved 1161216K
  class space    used 15498K, capacity 16799K, committed 16972K, reserved 1048576K
}
Event: 4962.542 GC heap before
{Heap before GC invocations=83 (full 0):
 garbage-first heap   total 390144K, used 339554K [0x0000000080000000, 0x0000000100000000)
  region size 1024K, 136 young (139264K), 10 survivors (10240K)
 Metaspace       used 124039K, capacity 127378K, committed 128024K, reserved 1161216K
  class space    used 15498K, capacity 16799K, committed 16972K, reserved 1048576K
}

