# JRE version: OpenJDK Runtime Environment (11.0.12+7) (build 11.0.12+7-b1504.28-7817840)
# Java VM: OpenJDK 64-Bit Server VM (11.0.12+7-b1504.28-7817840, mixed mode, tiered, compressed oops, g1 gc, windows-amd64)
Heap:
 garbage-first heap   total 757760K, used 181451K [0x0000000080000000, 0x0000000100000000)
  region size 1024K, 2 young (2048K), 2 survivors (2048K)
 Metaspace       used 98323K, capacity 100858K, committed 100888K, reserved 1136640K
  class space    used 12925K, capacity 13891K, committed 13900K, reserved 1048576K
GC Heap History (20 events):
Event: 67.043 GC heap after
{Heap after GC invocations=33 (full 0):
 garbage-first heap   total 155648K, used 120747K [0x0000000080000000, 0x0000000100000000)
  region size 1024K, 3 young (3072K), 3 survivors (3072K)
 Metaspace       used 91795K, capacity 94031K, committed 94104K, reserved 1130496K
  class space    used 11904K, capacity 12732K, committed 12748K, reserved 1048576K
}
Event: 67.348 GC heap before
{Heap before GC invocations=33 (full 0):
 garbage-first heap   total 155648K, used 130987K [0x0000000080000000, 0x0000000100000000)
  region size 1024K, 14 young (14336K), 3 survivors (3072K)
 Metaspace       used 92048K, capacity 94274K, committed 94488K, reserved 1130496K
  class space    used 11938K, capacity 12770K, committed 12876K, reserved 1048576K
}
Event: 67.376 GC heap after
{Heap after GC invocations=34 (full 0):
 garbage-first heap   total 155648K, used 124426K [0x0000000080000000, 0x0000000100000000)
  region size 1024K, 2 young (2048K), 2 survivors (2048K)
 Metaspace       used 92048K, capacity 94274K, committed 94488K, reserved 1130496K
  class space    used 11938K, capacity 12770K, committed 12876K, reserved 1048576K
}
Event: 67.616 GC heap before
{Heap before GC invocations=34 (full 0):
 garbage-first heap   total 155648K, used 132618K [0x0000000080000000, 0x0000000100000000)
  region size 1024K, 10 young (10240K), 2 survivors (2048K)
 Metaspace       used 92104K, capacity 94345K, committed 94488K, reserved 1130496K
  class space    used 11950K, capacity 12772K, committed 12876K, reserved 1048576K
}
Event: 67.644 GC heap after
{Heap after GC invocations=35 (full 0):
 garbage-first heap   total 201728K, used 126261K [0x0000000080000000, 0x0000000100000000)
  region size 1024K, 2 young (2048K), 2 survivors (2048K)
 Metaspace       used 92104K, capacity 94345K, committed 94488K, reserved 1130496K
  class space    used 11950K, capacity 12772K, committed 12876K, reserved 1048576K
}
Event: 67.785 GC heap before
{Heap before GC invocations=36 (full 0):
 garbage-first heap   total 201728K, used 135477K [0x0000000080000000, 0x0000000100000000)
  region size 1024K, 12 young (12288K), 2 survivors (2048K)
 Metaspace       used 92116K, capacity 94351K, committed 94488K, reserved 1130496K
  class space    used 11951K, capacity 12774K, committed 12876K, reserved 1048576K
}
Event: 67.806 GC heap after
{Heap after GC invocations=37 (full 0):
 garbage-first heap   total 201728K, used 127254K [0x0000000080000000, 0x0000000100000000)
  region size 1024K, 3 young (3072K), 3 survivors (3072K)
 Metaspace       used 92116K, capacity 94351K, committed 94488K, reserved 1130496K
  class space    used 11951K, capacity 12774K, committed 12876K, reserved 1048576K
}
Event: 68.445 GC heap before
{Heap before GC invocations=37 (full 0):
 garbage-first heap   total 201728K, used 153878K [0x0000000080000000, 0x0000000100000000)
  region size 1024K, 28 young (28672K), 3 survivors (3072K)
 Metaspace       used 92310K, capacity 94574K, committed 94744K, reserved 1130496K
  class space    used 11978K, capacity 12849K, committed 12876K, reserved 1048576K
}
Event: 68.486 GC heap after
{Heap after GC invocations=38 (full 0):
 garbage-first heap   total 201728K, used 134720K [0x0000000080000000, 0x0000000100000000)
  region size 1024K, 4 young (4096K), 4 survivors (4096K)
 Metaspace       used 92310K, capacity 94574K, committed 94744K, reserved 1130496K
  class space    used 11978K, capacity 12849K, committed 12876K, reserved 1048576K
}
Event: 68.616 GC heap before
{Heap before GC invocations=39 (full 0):
 garbage-first heap   total 201728K, used 136768K [0x0000000080000000, 0x0000000100000000)
  region size 1024K, 7 young (7168K), 4 survivors (4096K)
 Metaspace       used 93090K, capacity 95370K, committed 95640K, reserved 1132544K
  class space    used 12111K, capacity 12968K, committed 13004K, reserved 1048576K
}
Event: 68.649 GC heap after
{Heap after GC invocations=40 (full 0):
 garbage-first heap   total 201728K, used 135680K [0x0000000080000000, 0x0000000100000000)
  region size 1024K, 1 young (1024K), 1 survivors (1024K)
 Metaspace       used 93090K, capacity 95370K, committed 95640K, reserved 1132544K
  class space    used 12111K, capacity 12968K, committed 13004K, reserved 1048576K
}
Event: 69.537 GC heap before
{Heap before GC invocations=41 (full 0):
 garbage-first heap   total 201728K, used 156160K [0x0000000080000000, 0x0000000100000000)
  region size 1024K, 19 young (19456K), 1 survivors (1024K)
 Metaspace       used 94686K, capacity 97013K, committed 97304K, reserved 1132544K
  class space    used 12440K, capacity 13312K, committed 13388K, reserved 1048576K
}
Event: 69.564 GC heap after
{Heap after GC invocations=42 (full 0):
 garbage-first heap   total 368640K, used 140825K [0x0000000080000000, 0x0000000100000000)
  region size 1024K, 3 young (3072K), 3 survivors (3072K)
 Metaspace       used 94686K, capacity 97013K, committed 97304K, reserved 1132544K
  class space    used 12440K, capacity 13312K, committed 13388K, reserved 1048576K
}
Event: 70.625 GC heap before
{Heap before GC invocations=42 (full 0):
 garbage-first heap   total 368640K, used 215577K [0x0000000080000000, 0x0000000100000000)
  region size 1024K, 77 young (78848K), 3 survivors (3072K)
 Metaspace       used 94895K, capacity 97187K, committed 97304K, reserved 1132544K
  class space    used 12465K, capacity 13324K, committed 13388K, reserved 1048576K
}
Event: 70.791 GC heap after
{Heap after GC invocations=43 (full 0):
 garbage-first heap   total 368640K, used 177862K [0x0000000080000000, 0x0000000100000000)
  region size 1024K, 10 young (10240K), 10 survivors (10240K)
 Metaspace       used 94895K, capacity 97187K, committed 97304K, reserved 1132544K
  class space    used 12465K, capacity 13324K, committed 13388K, reserved 1048576K
}
Event: 72.841 GC heap before
{Heap before GC invocations=43 (full 0):
 garbage-first heap   total 368640K, used 216774K [0x0000000080000000, 0x0000000100000000)
  region size 1024K, 48 young (49152K), 10 survivors (10240K)
 Metaspace       used 97674K, capacity 100173K, committed 100376K, reserved 1136640K
  class space    used 12855K, capacity 13802K, committed 13900K, reserved 1048576K
}
Event: 72.947 GC heap after
{Heap after GC invocations=44 (full 0):
 garbage-first heap   total 368640K, used 185344K [0x0000000080000000, 0x0000000100000000)
  region size 1024K, 6 young (6144K), 6 survivors (6144K)
 Metaspace       used 97674K, capacity 100173K, committed 100376K, reserved 1136640K
  class space    used 12855K, capacity 13802K, committed 13900K, reserved 1048576K
}
Event: 74.845 GC heap before
{Heap before GC invocations=45 (full 0):
 garbage-first heap   total 368640K, used 226304K [0x0000000080000000, 0x0000000100000000)
  region size 1024K, 57 young (58368K), 6 survivors (6144K)
 Metaspace       used 98315K, capacity 100857K, committed 100888K, reserved 1136640K
  class space    used 12925K, capacity 13891K, committed 13900K, reserved 1048576K
}
Event: 74.902 GC heap after
{Heap after GC invocations=46 (full 0):
 garbage-first heap   total 368640K, used 180043K [0x0000000080000000, 0x0000000100000000)
  region size 1024K, 6 young (6144K), 6 survivors (6144K)
 Metaspace       used 98315K, capacity 100857K, committed 100888K, reserved 1136640K
  class space    used 12925K, capacity 13891K, committed 13900K, reserved 1048576K
}
Event: 75.314 GC heap before
{Heap before GC invocations=46 (full 0):
 garbage-first heap   total 368640K, used 194379K [0x0000000080000000, 0x0000000100000000)
  region size 1024K, 18 young (18432K), 6 survivors (6144K)
 Metaspace       used 98323K, capacity 100858K, committed 100888K, reserved 1136640K
  class space    used 12925K, capacity 13891K, committed 13900K, reserved 1048576K
}

