# JRE version: OpenJDK Runtime Environment (11.0.12+7) (build 11.0.12+7-b1504.28-7817840)
# Java VM: OpenJDK 64-Bit Server VM (11.0.12+7-b1504.28-7817840, mixed mode, tiered, compressed oops, g1 gc, windows-amd64)
Heap:
 garbage-first heap   total 371712K, used 180224K [0x0000000080000000, 0x0000000100000000)
  region size 1024K, 3 young (3072K), 3 survivors (3072K)
 Metaspace       used 126081K, capacity 129491K, committed 129664K, reserved 1161216K
  class space    used 15663K, capacity 16900K, committed 17024K, reserved 1048576K
GC Heap History (20 events):
Event: 1985.593 GC heap after
{Heap after GC invocations=72 (full 0):
 garbage-first heap   total 187392K, used 151137K [0x0000000080000000, 0x0000000100000000)
  region size 1024K, 1 young (1024K), 1 survivors (1024K)
 Metaspace       used 114750K, capacity 117951K, committed 118144K, reserved 1153024K
  class space    used 14246K, capacity 15402K, committed 15488K, reserved 1048576K
}
Event: 1985.653 GC heap before
{Heap before GC invocations=73 (full 0):
 garbage-first heap   total 187392K, used 160353K [0x0000000080000000, 0x0000000100000000)
  region size 1024K, 10 young (10240K), 1 survivors (1024K)
 Metaspace       used 114756K, capacity 117951K, committed 118144K, reserved 1153024K
  class space    used 14246K, capacity 15402K, committed 15488K, reserved 1048576K
}
Event: 1985.657 GC heap after
{Heap after GC invocations=74 (full 0):
 garbage-first heap   total 225280K, used 151121K [0x0000000080000000, 0x0000000100000000)
  region size 1024K, 1 young (1024K), 1 survivors (1024K)
 Metaspace       used 114756K, capacity 117951K, committed 118144K, reserved 1153024K
  class space    used 14246K, capacity 15402K, committed 15488K, reserved 1048576K
}
Event: 1985.775 GC heap before
{Heap before GC invocations=74 (full 0):
 garbage-first heap   total 225280K, used 160337K [0x0000000080000000, 0x0000000100000000)
  region size 1024K, 11 young (11264K), 1 survivors (1024K)
 Metaspace       used 115110K, capacity 118367K, committed 118656K, reserved 1153024K
  class space    used 14271K, capacity 15434K, committed 15488K, reserved 1048576K
}
Event: 1985.781 GC heap after
{Heap after GC invocations=75 (full 0):
 garbage-first heap   total 225280K, used 138512K [0x0000000080000000, 0x0000000100000000)
  region size 1024K, 1 young (1024K), 1 survivors (1024K)
 Metaspace       used 115110K, capacity 118367K, committed 118656K, reserved 1153024K
  class space    used 14271K, capacity 15434K, committed 15488K, reserved 1048576K
}
Event: 1986.598 GC heap before
{Heap before GC invocations=75 (full 0):
 garbage-first heap   total 225280K, used 168208K [0x0000000080000000, 0x0000000100000000)
  region size 1024K, 31 young (31744K), 1 survivors (1024K)
 Metaspace       used 116661K, capacity 119940K, committed 120064K, reserved 1153024K
  class space    used 14442K, capacity 15612K, committed 15616K, reserved 1048576K
}
Event: 1986.605 GC heap after
{Heap after GC invocations=76 (full 0):
 garbage-first heap   total 225280K, used 139239K [0x0000000080000000, 0x0000000100000000)
  region size 1024K, 2 young (2048K), 2 survivors (2048K)
 Metaspace       used 116661K, capacity 119940K, committed 120064K, reserved 1153024K
  class space    used 14442K, capacity 15612K, committed 15616K, reserved 1048576K
}
Event: 1988.237 GC heap before
{Heap before GC invocations=77 (full 0):
 garbage-first heap   total 225280K, used 167911K [0x0000000080000000, 0x0000000100000000)
  region size 1024K, 34 young (34816K), 2 survivors (2048K)
 Metaspace       used 118739K, capacity 121993K, committed 122112K, reserved 1155072K
  class space    used 14724K, capacity 15869K, committed 15872K, reserved 1048576K
}
Event: 1988.251 GC heap after
{Heap after GC invocations=78 (full 0):
 garbage-first heap   total 225280K, used 136396K [0x0000000080000000, 0x0000000100000000)
  region size 1024K, 2 young (2048K), 2 survivors (2048K)
 Metaspace       used 118739K, capacity 121993K, committed 122112K, reserved 1155072K
  class space    used 14724K, capacity 15869K, committed 15872K, reserved 1048576K
}
Event: 1988.650 GC heap before
{Heap before GC invocations=78 (full 0):
 garbage-first heap   total 225280K, used 145612K [0x0000000080000000, 0x0000000100000000)
  region size 1024K, 11 young (11264K), 2 survivors (2048K)
 Metaspace       used 119348K, capacity 122601K, committed 122752K, reserved 1157120K
  class space    used 14808K, capacity 15965K, committed 16000K, reserved 1048576K
}
Event: 1988.662 GC heap after
{Heap after GC invocations=79 (full 0):
 garbage-first heap   total 309248K, used 123751K [0x0000000080000000, 0x0000000100000000)
  region size 1024K, 1 young (1024K), 1 survivors (1024K)
 Metaspace       used 119348K, capacity 122601K, committed 122752K, reserved 1157120K
  class space    used 14808K, capacity 15965K, committed 16000K, reserved 1048576K
}
Event: 1993.211 GC heap before
{Heap before GC invocations=79 (full 0):
 garbage-first heap   total 309248K, used 207719K [0x0000000080000000, 0x0000000100000000)
  region size 1024K, 84 young (86016K), 1 survivors (1024K)
 Metaspace       used 121555K, capacity 124818K, committed 125056K, reserved 1159168K
  class space    used 15058K, capacity 16230K, committed 16256K, reserved 1048576K
}
Event: 1993.240 GC heap after
{Heap after GC invocations=80 (full 0):
 garbage-first heap   total 309248K, used 130084K [0x0000000080000000, 0x0000000100000000)
  region size 1024K, 7 young (7168K), 7 survivors (7168K)
 Metaspace       used 121555K, capacity 124818K, committed 125056K, reserved 1159168K
  class space    used 15058K, capacity 16230K, committed 16256K, reserved 1048576K
}
Event: 1994.350 GC heap before
{Heap before GC invocations=81 (full 0):
 garbage-first heap   total 309248K, used 139300K [0x0000000080000000, 0x0000000100000000)
  region size 1024K, 18 young (18432K), 7 survivors (7168K)
 Metaspace       used 121770K, capacity 125042K, committed 125312K, reserved 1159168K
  class space    used 15080K, capacity 16237K, committed 16256K, reserved 1048576K
}
Event: 1994.380 GC heap after
{Heap after GC invocations=82 (full 0):
 garbage-first heap   total 309248K, used 131740K [0x0000000080000000, 0x0000000100000000)
  region size 1024K, 2 young (2048K), 2 survivors (2048K)
 Metaspace       used 121770K, capacity 125042K, committed 125312K, reserved 1159168K
  class space    used 15080K, capacity 16237K, committed 16256K, reserved 1048576K
}
Event: 1995.830 GC heap before
{Heap before GC invocations=83 (full 0):
 garbage-first heap   total 309248K, used 204444K [0x0000000080000000, 0x0000000100000000)
  region size 1024K, 64 young (65536K), 2 survivors (2048K)
 Metaspace       used 124757K, capacity 128193K, committed 128384K, reserved 1161216K
  class space    used 15466K, capacity 16693K, committed 16768K, reserved 1048576K
}
Event: 1995.854 GC heap after
{Heap after GC invocations=84 (full 0):
 garbage-first heap   total 309248K, used 151541K [0x0000000080000000, 0x0000000100000000)
  region size 1024K, 9 young (9216K), 9 survivors (9216K)
 Metaspace       used 124757K, capacity 128193K, committed 128384K, reserved 1161216K
  class space    used 15466K, capacity 16693K, committed 16768K, reserved 1048576K
}
Event: 1996.986 GC heap before
{Heap before GC invocations=85 (full 0):
 garbage-first heap   total 309248K, used 245749K [0x0000000080000000, 0x0000000100000000)
  region size 1024K, 74 young (75776K), 9 survivors (9216K)
 Metaspace       used 126053K, capacity 129483K, committed 129664K, reserved 1161216K
  class space    used 15661K, capacity 16897K, committed 17024K, reserved 1048576K
}
Event: 1997.042 GC heap after
{Heap after GC invocations=86 (full 0):
 garbage-first heap   total 309248K, used 176915K [0x0000000080000000, 0x0000000100000000)
  region size 1024K, 10 young (10240K), 10 survivors (10240K)
 Metaspace       used 126053K, capacity 129483K, committed 129664K, reserved 1161216K
  class space    used 15661K, capacity 16897K, committed 17024K, reserved 1048576K
}
Event: 1997.142 GC heap before
{Heap before GC invocations=86 (full 0):
 garbage-first heap   total 309248K, used 192275K [0x0000000080000000, 0x0000000100000000)
  region size 1024K, 26 young (26624K), 10 survivors (10240K)
 Metaspace       used 126081K, capacity 129491K, committed 129664K, reserved 1161216K
  class space    used 15663K, capacity 16900K, committed 17024K, reserved 1048576K
}

